[2018/4/5 - 1:58:51] * Alexey Kozlov asignó a Lenny Rocka administrador nivel [1]
[2018/4/5 - 1:58:51] * El usuario Lenny Rocka se le ha modificado su nivel administrativo a 1 
[2018/4/5 - 2:0:36] * Alexey Kozlov asignó a Lenny Rocka administrador nivel [2]
[2018/4/5 - 2:0:36] * El usuario Lenny Rocka se le ha modificado su nivel administrativo a 2 
[2018/4/5 - 2:1:34] * Alexey Kozlov asignó a Lenny Rocka administrador nivel [3]
[2018/4/5 - 2:1:34] * El usuario Lenny Rocka se le ha modificado su nivel administrativo a 3 
[2018/4/5 - 2:1:58] * Alexey Kozlov asignó a Lenny Rocka administrador nivel [1]
[2018/4/5 - 2:1:58] * El usuario Lenny Rocka se le ha modificado su nivel administrativo a 1 
[2018/4/5 - 2:34:10] * Alexey Kozlov asignó a Lenny Rocka administrador nivel [2]
[2018/4/5 - 2:34:10] * El usuario Lenny Rocka se le ha modificado su nivel administrativo a 2 
[2018/4/5 - 2:35:9] * Alexey Kozlov asignó a Lenny Rocka administrador nivel [3]
[2018/4/5 - 2:35:9] * El usuario Lenny Rocka se le ha modificado su nivel administrativo a 3 
[2018/4/5 - 2:35:21] * Alexey Kozlov asignó a Lenny Rocka administrador nivel [4]
[2018/4/5 - 2:35:21] * El usuario Lenny Rocka se le ha modificado su nivel administrativo a 4 
[2018/4/5 - 2:39:7] * Alexey Kozlov asignó a Alexey Kozlov administrador nivel [2]
[2018/4/5 - 2:39:7] * El usuario Alexey Kozlov se le ha modificado su nivel administrativo a 2 
[2018/4/5 - 2:39:28] * Alexey Kozlov asignó a Alexey Kozlov administrador nivel [2]
[2018/4/5 - 2:39:28] * El usuario Alexey Kozlov se le ha modificado su nivel administrativo a 2 
[2018/4/5 - 2:39:37] * Alexey Kozlov asignó a Lenny Rocka administrador nivel [2]
[2018/4/5 - 2:39:37] * El usuario Lenny Rocka se le ha modificado su nivel administrativo a 2 
[2018/4/5 - 2:39:47] * Alexey Kozlov asignó a Lenny Rocka administrador nivel [3]
[2018/4/5 - 2:39:47] * El usuario Lenny Rocka se le ha modificado su nivel administrativo a 3 
[2018/4/5 - 2:41:29] * Alexey Kozlov asignó a Alexey Kozlov administrador nivel [3]
[2018/4/5 - 2:41:29] * El usuario Alexey Kozlov se le ha modificado su nivel administrativo a 3 
[2018/4/5 - 2:41:36] * Alexey Kozlov asignó a Alexey Kozlov administrador nivel [4]
[2018/4/5 - 2:41:36] * El usuario Alexey Kozlov se le ha modificado su nivel administrativo a 4 
[2018/4/5 - 2:41:55] * Alexey Kozlov asignó a Alexey Kozlov administrador nivel [5]
[2018/4/5 - 2:41:55] * El usuario Alexey Kozlov se le ha modificado su nivel administrativo a 5 
[2018/4/5 - 2:42:17] * Alexey Kozlov asignó a Lenny Rocka administrador nivel [4]
[2018/4/5 - 2:42:17] * El usuario Lenny Rocka se le ha modificado su nivel administrativo a 4 
[2018/4/5 - 2:42:20] * Alexey Kozlov asignó a Lenny Rocka administrador nivel [5]
[2018/4/5 - 2:42:20] * El usuario Lenny Rocka se le ha modificado su nivel administrativo a 5 
[2018/4/5 - 2:42:24] * Alexey Kozlov asignó a Lenny Rocka administrador nivel [6]
[2018/4/5 - 2:42:24] * El usuario Lenny Rocka se le ha modificado su nivel administrativo a 6 
[2018/4/5 - 2:42:32] * Alexey Kozlov asignó a Lenny Rocka administrador nivel [3000]
[2018/4/5 - 2:42:32] * El usuario Lenny Rocka se le ha modificado su nivel administrativo a 3000 
[2018/4/5 - 2:42:37] * Alexey Kozlov asignó a Lenny Rocka administrador nivel [4000]
[2018/4/5 - 2:42:37] * El usuario Lenny Rocka se le ha modificado su nivel administrativo a 4000 
[2018/4/5 - 2:42:43] * Alexey Kozlov asignó a Lenny Rocka administrador nivel [5000]
[2018/4/5 - 2:42:43] * El usuario Lenny Rocka se le ha modificado su nivel administrativo a 5000 
[2018/4/5 - 2:42:48] * Alexey Kozlov asignó a Lenny Rocka administrador nivel [6000]
[2018/4/5 - 2:42:48] * El usuario Lenny Rocka se le ha modificado su nivel administrativo a 6000 
[2018/4/5 - 2:42:54] * Alexey Kozlov asignó a Lenny Rocka administrador nivel [0]
[2018/4/5 - 2:42:54] * El usuario Lenny Rocka se le ha modificado su nivel administrativo a 0 
[2018/4/5 - 6:4:37] * Alexey Kozlov asignó a Alexey Kozlov administrador nivel [1]
[2018/4/5 - 6:4:37] * El usuario Alexey Kozlov se le ha modificado su nivel administrativo a 1 
[2018/4/5 - 7:33:27] * Alexey Kozlov asignó a Alexey Kozlov administrador nivel [1]
[2018/4/5 - 7:33:27] * El usuario Alexey Kozlov se le ha modificado su nivel administrativo a 1 
[2018/4/5 - 17:23:18] * Alexey Kozlov asignó a David Elista administrador nivel [1]
[2018/4/5 - 17:23:18] * El usuario David Elista se le ha modificado su nivel administrativo a 1 
[2018/4/6 - 17:30:22] * Alexey Kozlov asignó a Alexey Kozlov administrador nivel [4000]
[2018/4/6 - 17:30:22] * El usuario Alexey Kozlov se le ha modificado su nivel administrativo a 4000 
[2018/4/6 - 17:31:7] * Alexey Kozlov asignó a Francii Baez administrador nivel [4000]
[2018/4/6 - 17:31:7] * El usuario Francii Baez se le ha modificado su nivel administrativo a 4000 
[2018/4/6 - 17:31:25] * Alexey Kozlov asignó a Alexey Kozlov administrador nivel [4000]
[2018/4/6 - 17:31:25] * El usuario Alexey Kozlov se le ha modificado su nivel administrativo a 4000 
[2018/4/6 - 17:56:47] * Alexey Kozlov asignó a Francii Baez administrador nivel [5000]
[2018/4/6 - 17:56:47] * El usuario Francii Baez se le ha modificado su nivel administrativo a 5000 
[2018/4/6 - 18:41:22] * Alexey Kozlov asignó a Ivan Rodriguez administrador nivel [5000]
[2018/4/6 - 18:41:22] * El usuario Ivan Rodriguez se le ha modificado su nivel administrativo a 5000 
[2018/4/6 - 18:44:43] * Alexey Kozlov asignó a Francii Baez administrador nivel [6000]
[2018/4/6 - 18:44:43] * El usuario Francii Baez se le ha modificado su nivel administrativo a 6000 
[2018/4/6 - 18:53:58] * Alexey Kozlov asignó a Alexey Kozlov administrador nivel [5000]
[2018/4/6 - 18:53:58] * El usuario Alexey Kozlov se le ha modificado su nivel administrativo a 5000 
[2018/4/6 - 18:58:38] * Alexey Kozlov asignó a Ivan Rodriguez administrador nivel [6000]
[2018/4/6 - 18:58:38] * El usuario Ivan Rodriguez se le ha modificado su nivel administrativo a 6000 
[2018/4/6 - 19:0:57] * Alexey Kozlov asignó a Alexey Kozlov administrador nivel [5]
[2018/4/6 - 19:0:57] * El usuario Alexey Kozlov se le ha modificado su nivel administrativo a 5 
[2018/4/6 - 19:34:38] * Alexey Kozlov asignó a Gabriel Alcantara administrador nivel [1]
[2018/4/6 - 19:34:38] * El usuario Gabriel Alcantara se le ha modificado su nivel administrativo a 1 
[2018/4/11 - 18:4:28] * Alexey Kozlov asignó a Francii Baez administrador nivel [0]
[2018/4/11 - 18:4:28] * El usuario Francii Baez se le ha modificado su nivel administrativo a 0 
[2018/4/11 - 19:37:26] * Juan Ruiz asignó a Alexey Kozlov administrador nivel [1]
[2018/4/11 - 19:37:26] * El usuario Alexey Kozlov se le ha modificado su nivel administrativo a 1 
[2018/4/11 - 19:38:6] * Juan Ruiz asignó a Alexey Kozlov administrador nivel [2]
[2018/4/11 - 19:38:6] * El usuario Alexey Kozlov se le ha modificado su nivel administrativo a 2 
[2018/4/11 - 19:45:47] * Juan Ruiz asignó a Alexey Kozlov administrador nivel [2]
[2018/4/11 - 19:45:47] * El usuario Alexey Kozlov se le ha modificado su nivel administrativo a 2 
[2018/4/11 - 19:55:25] * Juan asignó a Alexey Kozlov administrador nivel [1]
[2018/4/11 - 19:55:25] * El usuario Alexey Kozlov se le ha modificado su nivel administrativo a 1 
[2018/4/11 - 19:55:47] * Juan asignó a Alexey Kozlov administrador nivel [2]
[2018/4/11 - 19:55:47] * El usuario Alexey Kozlov se le ha modificado su nivel administrativo a 2 
[2018/4/11 - 19:55:49] * Juan asignó a Alexey Kozlov administrador nivel [3]
[2018/4/11 - 19:55:49] * El usuario Alexey Kozlov se le ha modificado su nivel administrativo a 3 
[2018/4/11 - 19:57:32] * Juan asignó a Alexey Kozlov administrador nivel [4]
[2018/4/11 - 19:57:32] * El usuario Alexey Kozlov se le ha modificado su nivel administrativo a 4 
[2018/4/11 - 19:59:41] * Juan asignó a Alexey Kozlov administrador nivel [5]
[2018/4/11 - 19:59:41] * El usuario Alexey Kozlov se le ha modificado su nivel administrativo a 5 
[2018/4/11 - 20:2:12] * Juan asignó a Alexey Kozlov administrador nivel [6]
[2018/4/11 - 20:2:12] * El usuario Alexey Kozlov se le ha modificado su nivel administrativo a 6 
[2018/4/11 - 20:6:8] * Juan asignó a Alexey Kozlov administrador nivel [7]
[2018/4/11 - 20:6:8] * El usuario Alexey Kozlov se le ha modificado su nivel administrativo a 7 
[2018/4/11 - 20:12:42] * Juan asignó a Alexey Kozlov administrador nivel [8]
[2018/4/11 - 20:12:42] * El usuario Alexey Kozlov se le ha modificado su nivel administrativo a 8 
[2018/4/11 - 20:12:59] * Juan asignó a Alexey Kozlov administrador nivel [7]
[2018/4/11 - 20:12:59] * El usuario Alexey Kozlov se le ha modificado su nivel administrativo a 7 
[2018/4/11 - 20:14:1] * Juan asignó a Alexey Kozlov administrador nivel [8]
[2018/4/11 - 20:14:1] * El usuario Alexey Kozlov se le ha modificado su nivel administrativo a 8 
[2018/4/11 - 20:17:56] * Alexey Kozlov asignó a Alexey Kozlov administrador nivel [8]
[2018/4/11 - 20:17:56] * El usuario Alexey Kozlov se le ha modificado su nivel administrativo a 8 
[2018/4/11 - 20:21:7] * Juan asignó a Alexey Kozlov administrador nivel [9]
[2018/4/11 - 20:21:7] * El usuario Alexey Kozlov se le ha modificado su nivel administrativo a 9 
[2018/4/11 - 20:25:33] * Juan asignó a Alexey Kozlov administrador nivel [10]
[2018/4/11 - 20:25:33] * El usuario Alexey Kozlov se le ha modificado su nivel administrativo a 10 
[2018/4/11 - 20:25:52] * Juan asignó a Alexey Kozlov administrador nivel [11]
[2018/4/11 - 20:25:52] * El usuario Alexey Kozlov se le ha modificado su nivel administrativo a 11 
[2018/4/11 - 20:25:57] * Juan asignó a Alexey Kozlov administrador nivel [12]
[2018/4/11 - 20:25:57] * El usuario Alexey Kozlov se le ha modificado su nivel administrativo a 12 
[2018/4/11 - 20:26:4] * Juan asignó a Alexey Kozlov administrador nivel [4000]
[2018/4/11 - 20:26:4] * El usuario Alexey Kozlov se le ha modificado su nivel administrativo a 4000 
[2018/4/11 - 20:26:12] * Juan asignó a Alexey Kozlov administrador nivel [5000]
[2018/4/11 - 20:26:12] * El usuario Alexey Kozlov se le ha modificado su nivel administrativo a 5000 
[2018/4/11 - 20:26:19] * Juan asignó a Alexey Kozlov administrador nivel [6000]
[2018/4/11 - 20:26:19] * El usuario Alexey Kozlov se le ha modificado su nivel administrativo a 6000 
[2018/4/11 - 20:31:26] * Juan asignó a Juan administrador nivel [3000]
[2018/4/11 - 20:31:26] * El usuario Juan se le ha modificado su nivel administrativo a 3000 
[2018/4/11 - 20:32:23] * Juan asignó a Juan administrador nivel [3]
[2018/4/11 - 20:32:23] * El usuario Juan se le ha modificado su nivel administrativo a 3 
[2018/4/11 - 20:33:4] * Juan asignó a Juan administrador nivel [8]
[2018/4/11 - 20:33:4] * El usuario Juan se le ha modificado su nivel administrativo a 8 
[2018/4/11 - 20:35:9] * Juan asignó a Juan administrador nivel [3000]
[2018/4/11 - 20:35:9] * El usuario Juan se le ha modificado su nivel administrativo a 3000 
[2018/4/11 - 20:37:42] * Juan asignó a Juan administrador nivel [4]
[2018/4/11 - 20:37:42] * El usuario Juan se le ha modificado su nivel administrativo a 4 
[2018/4/11 - 20:44:41] * Juan Ruiz asignó a Juan Ruiz administrador nivel [3000]
[2018/4/11 - 20:44:41] * El usuario Juan Ruiz se le ha modificado su nivel administrativo a 3000 
[2018/4/11 - 20:46:49] * Juan Ruiz asignó a Juan Ruiz administrador nivel [4000]
[2018/4/11 - 20:46:49] * El usuario Juan Ruiz se le ha modificado su nivel administrativo a 4000 
[2018/4/11 - 20:48:42] * Juan Ruiz asignó a Juan Ruiz administrador nivel [3000]
[2018/4/11 - 20:48:42] * El usuario Juan Ruiz se le ha modificado su nivel administrativo a 3000 
[2018/4/12 - 8:22:42] * Alexey Kozlov asignó a Alexey Kozlov administrador nivel [5000]
[2018/4/12 - 8:22:42] * El usuario Alexey Kozlov se le ha modificado su nivel administrativo a 5000 
[2018/4/12 - 8:23:6] * Alexey Kozlov asignó a Alexey Kozlov administrador nivel [4000]
[2018/4/12 - 8:23:6] * El usuario Alexey Kozlov se le ha modificado su nivel administrativo a 4000 
[2018/4/12 - 8:24:10] * Alexey Kozlov asignó a Alexey Kozlov administrador nivel [5000]
[2018/4/12 - 8:24:10] * El usuario Alexey Kozlov se le ha modificado su nivel administrativo a 5000 
[2018/4/12 - 9:2:27] * Alexey Kozlov asignó a Alexey Kozlov administrador nivel [2]
[2018/4/12 - 9:2:27] * El usuario Alexey Kozlov se le ha modificado su nivel administrativo a 2 
[2018/4/12 - 11:11:26] * Alexey Kozlov asignó a Ivan Rodriguez administrador nivel [5000]
[2018/4/12 - 11:11:26] * El usuario Ivan Rodriguez se le ha modificado su nivel administrativo a 5000 
[2018/4/12 - 11:48:34] * Alexey Kozlov asignó a Alexey Kozlov administrador nivel [5000]
[2018/4/12 - 11:48:34] * El usuario Alexey Kozlov se le ha modificado su nivel administrativo a 5000 
[2018/4/16 - 2:2:45] * Alexey Kozlov asignó a John Dillinger administrador nivel [1]
[2018/4/16 - 2:2:45] * El usuario John Dillinger se le ha modificado su nivel administrativo a 1 
[2018/4/16 - 21:7:52] * Juan Ruiz asignó a John Dillinger administrador nivel [2]
[2018/4/16 - 21:7:52] * El usuario John Dillinger se le ha modificado su nivel administrativo a 2 
[2018/4/19 - 23:46:40] * Juan Ruiz asignó a Jhonny Smith administrador nivel [2]
[2018/4/19 - 23:46:40] * El usuario Jhonny Smith se le ha modificado su nivel administrativo a 2 
[2018/4/19 - 23:46:46] * Juan Ruiz asignó a Jhonny Smith administrador nivel [1]
[2018/4/19 - 23:46:46] * El usuario Jhonny Smith se le ha modificado su nivel administrativo a 1 
