[2017/6/3 - 6:27:29] [DEPOSITO BANCO] - Alexey Kozlov hizo un depósito de $1000.
[2017/6/3 - 6:27:42] [RETIRO BANCO] - Alexey Kozlov hizo un retiro de $100.
[2017/10/19 - 2:34:6] [DEPOSITO BANCO] - Juan Ruiz hizo un depósito de $51.
[2018/4/2 - 0:15:7] [DEPOSITO BANCO] - Juan November hizo un depósito de $30000.
[2018/4/2 - 1:50:7] [DEPOSITO BANCO] - Thomas Westwood hizo un depósito de $30000.
[2018/4/2 - 2:54:13] [DEPOSITO BANCO] - Thomas Westwood hizo un depósito de $80000.
[2018/4/2 - 3:16:2] [DEPOSITO BANCO] - Juan November hizo un depósito de $4345.
[2018/4/2 - 3:16:7] [RETIRO BANCO] - Juan November hizo un retiro de $28000.
[2018/4/2 - 3:30:35] [RETIRO BANCO] - Juan November hizo un retiro de $1.
[2018/4/2 - 5:3:2] [DEPOSITO BANCO] - Rodrigo Ruiz hizo un depósito de $20000.
[2018/4/2 - 5:4:57] [DEPOSITO BANCO] - Rodrigo Ruiz hizo un depósito de $30000.
[2018/4/2 - 6:20:27] [RETIRO BANCO] - Juan November hizo un retiro de $5000.
[2018/4/2 - 11:55:58] [DEPOSITO BANCO] - William Walker hizo un depósito de $200.
[2018/4/2 - 12:23:14] [DEPOSITO BANCO] - Rodrigo Ruiz hizo un depósito de $52000.
[2018/4/2 - 13:15:7] [RETIRO BANCO] - Rodrigo Ruiz hizo un retiro de $50000.
[2018/4/2 - 13:15:42] [RETIRO BANCO] - Rodrigo Ruiz hizo un retiro de $7982.
[2018/4/2 - 13:25:1] [DEPOSITO BANCO] - Thomas Westwood hizo un depósito de $60000.
[2018/4/2 - 13:37:5] [DEPOSITO BANCO] - Rodrigo Ruiz hizo un depósito de $53000.
[2018/4/2 - 14:17:16] [DEPOSITO BANCO] - Martin Diaz hizo un depósito de $60000.
[2018/4/2 - 14:50:41] [RETIRO BANCO] - Martin Diaz hizo un retiro de $2000.
[2018/4/2 - 15:0:25] [RETIRO BANCO] - Martin Diaz hizo un retiro de $10000.
[2018/4/2 - 15:0:50] [DEPOSITO BANCO] - Thomas Westwood hizo un depósito de $32000.
[2018/4/2 - 15:1:4] [DEPOSITO BANCO] - Thomas Westwood hizo un depósito de $800.
[2018/4/2 - 16:52:37] [RETIRO BANCO] - Rodrigo Ruiz hizo un retiro de $4000.
[2018/4/2 - 17:46:48] [RETIRO BANCO] - Juan November hizo un retiro de $1000.
[2018/4/2 - 17:58:59] [RETIRO BANCO] - Juan November hizo un retiro de $1000.
[2018/4/2 - 20:45:44] [RETIRO BANCO] - Rodrigo Ruiz hizo un retiro de $52974.
[2018/4/6 - 18:23:43] [DEPOSITO BANCO] - Francii Baez hizo un depósito de $1000.
[2018/4/8 - 18:38:41] [DEPOSITO BANCO] - Alexander Navas hizo un depósito de $71869.
[2018/4/8 - 20:5:50] [TRANSFER BANCO] - Ivan Rodriguez hizo una transferencia de $100000 a Christian Gil.
[2018/4/8 - 20:7:6] [TRANSFER BANCO] - Ivan Rodriguez hizo una transferencia de $100000 a Jose Cotiz.
[2018/4/8 - 20:44:31] [RETIRO BANCO] - Christian Gil hizo un retiro de $3760.
[2018/4/8 - 20:44:40] [RETIRO BANCO] - Ivan Rodriguez hizo un retiro de $790000.
[2018/4/8 - 20:50:21] [RETIRO BANCO] - Christian Gil hizo un retiro de $1.
[2018/4/8 - 22:10:12] [RETIRO BANCO] - Christian Gil hizo un retiro de $50.
[2018/4/10 - 19:8:59] [RETIRO BANCO] - Christian Gil hizo un retiro de $100000.
[2018/4/10 - 23:55:16] [TRANSFER BANCO] - Ivan Rodriguez hizo una transferencia de $120000 a Christian Gil.
[2018/4/11 - 12:52:42] [RETIRO BANCO] - Ivan Rodriguez hizo un retiro de $3710.
[2018/4/13 - 17:50:53] [RETIRO BANCO] - Rafael Dogg hizo un retiro de $35744.
[2018/4/13 - 18:48:19] [RETIRO BANCO] - Rafael Dogg hizo un retiro de $41628.
[2018/4/14 - 17:43:6] [RETIRO BANCO] - Ivan Rodriguez hizo un retiro de $900000.
[2018/4/14 - 17:54:27] [RETIRO BANCO] - John Dillinger hizo un retiro de $27080.
[2018/4/14 - 19:45:17] [RETIRO BANCO] - John Dillinger hizo un retiro de $10000.
[2018/4/14 - 21:29:14] [RETIRO BANCO] - John Dillinger hizo un retiro de $4000.
[2018/4/15 - 0:12:53] [TRANSFER BANCO] - Ivan Rodriguez hizo una transferencia de $500000 a Brayan Ramirez.
[2018/4/15 - 0:27:16] [RETIRO BANCO] - Brayan Ramirez hizo un retiro de $511896.
[2018/4/15 - 2:27:49] [RETIRO BANCO] - John Dillinger hizo un retiro de $90000.
[2018/4/15 - 2:28:4] [RETIRO BANCO] - John Dillinger hizo un retiro de $2504.
[2018/4/15 - 2:30:7] [RETIRO BANCO] - John Dillinger hizo un retiro de $8860.
[2018/4/15 - 2:32:2] [DEPOSITO BANCO] - John Dillinger hizo un depósito de $250000.
[2018/4/15 - 11:5:40] [RETIRO BANCO] - Nicolas Ledesma hizo un retiro de $398.
[2018/4/15 - 11:29:12] [RETIRO BANCO] - John Dillinger hizo un retiro de $50000.
[2018/4/15 - 11:29:24] [RETIRO BANCO] - John Dillinger hizo un retiro de $20000.
[2018/4/15 - 13:28:51] [RETIRO BANCO] - John Dillinger hizo un retiro de $240000.
[2018/4/15 - 13:34:33] [DEPOSITO BANCO] - John Dillinger hizo un depósito de $8000.
[2018/4/15 - 13:56:40] [RETIRO BANCO] - John Dillinger hizo un retiro de $1000.
[2018/4/15 - 13:56:49] [RETIRO BANCO] - John Dillinger hizo un retiro de $17808.
[2018/4/15 - 16:23:20] [RETIRO BANCO] - John Dillinger hizo un retiro de $17000.
[2018/4/15 - 16:23:33] [DEPOSITO BANCO] - John Dillinger hizo un depósito de $35000.
[2018/4/15 - 16:23:41] [DEPOSITO BANCO] - Nicolas Ledesma hizo un depósito de $30872.
[2018/4/15 - 16:24:12] [TRANSFER BANCO] - Nicolas Ledesma hizo una transferencia de $30000 a John Dillinger.
[2018/4/15 - 16:44:45] [DEPOSITO BANCO] - Mao Zhu hizo un depósito de $30000.
[2018/4/15 - 16:52:44] [DEPOSITO BANCO] - Victor Guampecho hizo un depósito de $40000.
[2018/4/15 - 16:53:11] [DEPOSITO BANCO] - Victor Guampecho hizo un depósito de $5835.
[2018/4/15 - 17:15:14] [RETIRO BANCO] - Victor Guampecho hizo un retiro de $47023.
[2018/4/15 - 17:15:55] [DEPOSITO BANCO] - Victor Guampecho hizo un depósito de $47023.
[2018/4/15 - 17:36:3] [DEPOSITO BANCO] - Mao Zhu hizo un depósito de $100.
[2018/4/15 - 17:47:14] [RETIRO BANCO] - Mao Zhu hizo un retiro de $100.
[2018/4/15 - 17:47:25] [RETIRO BANCO] - Mao Zhu hizo un retiro de $10.
[2018/4/15 - 18:55:8] [RETIRO BANCO] - Edwin Wayland hizo un retiro de $60422.
[2018/4/15 - 18:57:6] [DEPOSITO BANCO] - Nicolas Ledesma hizo un depósito de $20000.
[2018/4/15 - 18:57:25] [TRANSFER BANCO] - Nicolas Ledesma hizo una transferencia de $2000 a Juan Ruiz.
[2018/4/15 - 18:58:58] [RETIRO BANCO] - Mao Zhu hizo un retiro de $35678.
[2018/4/15 - 19:0:50] [TRANSFER BANCO] - Nicolas Ledesma hizo una transferencia de $15000 a John Dillinger.
[2018/4/15 - 20:6:30] [RETIRO BANCO] - John Dillinger hizo un retiro de $116022.
[2018/4/15 - 20:8:50] [RETIRO BANCO] - Edwin Wayland hizo un retiro de $23742.
[2018/4/15 - 20:9:4] [DEPOSITO BANCO] - Mao Zhu hizo un depósito de $5000.
[2018/4/15 - 20:36:46] [DEPOSITO BANCO] - Mao Zhu hizo un depósito de $40.
[2018/4/15 - 21:41:31] [RETIRO BANCO] - Mao Zhu hizo un retiro de $91.
[2018/4/15 - 22:2:4] [DEPOSITO BANCO] - Victor Guampecho hizo un depósito de $65060.
[2018/4/15 - 22:8:43] [RETIRO BANCO] - Mao Zhu hizo un retiro de $12505.
[2018/4/15 - 22:15:53] [RETIRO BANCO] - Victor Guampecho hizo un retiro de $20000.
[2018/4/15 - 22:17:34] [DEPOSITO BANCO] - John Dillinger hizo un depósito de $200000.
[2018/4/15 - 22:34:36] [RETIRO BANCO] - Juan Ruiz hizo un retiro de $10000.
[2018/4/15 - 23:2:45] [TRANSFER BANCO] - Juan Ruiz hizo una transferencia de $200000 a John Dillinger.
[2018/4/15 - 23:5:30] [RETIRO BANCO] - John Dillinger hizo un retiro de $400000.
[2018/4/16 - 0:59:53] [TRANSFER BANCO] - Ivan Rodriguez hizo una transferencia de $900000 a John Dillinger.
[2018/4/16 - 1:18:30] [RETIRO BANCO] - John Dillinger hizo un retiro de $800000.
[2018/4/16 - 1:18:41] [DEPOSITO BANCO] - John Dillinger hizo un depósito de $50000.
[2018/4/16 - 1:24:7] [TRANSFER BANCO] - John Dillinger hizo una transferencia de $50000 a Alexey Kozlov.
[2018/4/16 - 12:4:18] [RETIRO BANCO] - John Dillinger hizo un retiro de $3000.
[2018/4/16 - 13:4:1] [RETIRO BANCO] - Mao Zhu hizo un retiro de $15520.
[2018/4/16 - 13:4:20] [DEPOSITO BANCO] - Mao Zhu hizo un depósito de $10000.
[2018/4/16 - 13:4:39] [DEPOSITO BANCO] - Mao Zhu hizo un depósito de $16000.
[2018/4/16 - 13:36:49] [RETIRO BANCO] - Mao Zhu hizo un retiro de $26000.
[2018/4/16 - 13:37:10] [DEPOSITO BANCO] - Mao Zhu hizo un depósito de $46000.
[2018/4/16 - 13:42:45] [RETIRO BANCO] - Mao Zhu hizo un retiro de $46000.
[2018/4/16 - 13:42:56] [RETIRO BANCO] - Mao Zhu hizo un retiro de $3874.
[2018/4/16 - 13:43:5] [DEPOSITO BANCO] - Mao Zhu hizo un depósito de $60000.
[2018/4/16 - 13:43:14] [DEPOSITO BANCO] - Mao Zhu hizo un depósito de $300.
[2018/4/16 - 13:48:40] [RETIRO BANCO] - John Dillinger hizo un retiro de $1100.
[2018/4/16 - 13:48:45] [RETIRO BANCO] - John Dillinger hizo un retiro de $26.
[2018/4/16 - 13:53:39] [RETIRO BANCO] - Mao Zhu hizo un retiro de $60300.
[2018/4/16 - 13:55:55] [RETIRO BANCO] - John Dillinger hizo un retiro de $110000.
[2018/4/16 - 15:14:29] [RETIRO BANCO] - Victor Guampecho hizo un retiro de $94019.
[2018/4/16 - 15:20:1] [DEPOSITO BANCO] - Victor Guampecho hizo un depósito de $34833.
[2018/4/16 - 16:2:29] [RETIRO BANCO] - Javier Garcia hizo un retiro de $10000.
[2018/4/16 - 16:13:53] [DEPOSITO BANCO] - Victor Guampecho hizo un depósito de $48000.
[2018/4/16 - 16:14:12] [RETIRO BANCO] - Victor Guampecho hizo un retiro de $3000.
[2018/4/16 - 16:34:3] [DEPOSITO BANCO] - John Dillinger hizo un depósito de $100000.
[2018/4/16 - 16:39:31] [DEPOSITO BANCO] - John Dillinger hizo un depósito de $30000.
[2018/4/16 - 17:3:35] [DEPOSITO BANCO] - Mao Zhu hizo un depósito de $40000.
[2018/4/16 - 17:6:57] [DEPOSITO BANCO] - Alexey Kozlov hizo un depósito de $600000.
[2018/4/16 - 17:30:22] [DEPOSITO BANCO] - Mao Zhu hizo un depósito de $20000.
[2018/4/16 - 17:30:24] [DEPOSITO BANCO] - John Dillinger hizo un depósito de $1000.
[2018/4/16 - 17:30:37] [DEPOSITO BANCO] - Mao Zhu hizo un depósito de $9300.
[2018/4/16 - 17:43:47] [RETIRO BANCO] - Mao Zhu hizo un retiro de $98.
[2018/4/16 - 17:43:54] [RETIRO BANCO] - Mao Zhu hizo un retiro de $100.
[2018/4/16 - 17:44:5] [RETIRO BANCO] - Mao Zhu hizo un retiro de $10.
[2018/4/16 - 17:54:25] [TRANSFER BANCO] - John Dillinger hizo una transferencia de $200000 a Juan Ruiz.
[2018/4/16 - 18:17:0] [DEPOSITO BANCO] - John Dillinger hizo un depósito de $129157.
[2018/4/16 - 18:36:31] [RETIRO BANCO] - Samuel Carreon hizo un retiro de $5510.
[2018/4/16 - 19:0:19] [DEPOSITO BANCO] - Keiichi Yamaguchi hizo un depósito de $26000.
[2018/4/16 - 19:20:28] [DEPOSITO BANCO] - Keiichi Yamaguchi hizo un depósito de $16000.
[2018/4/16 - 20:47:40] [RETIRO BANCO] - Santiago Motta hizo un retiro de $794.
[2018/4/16 - 20:59:47] [DEPOSITO BANCO] - Fermin Martinez hizo un depósito de $280000.
[2018/4/16 - 21:0:59] [RETIRO BANCO] - Fermin Martinez hizo un retiro de $280000.
[2018/4/16 - 21:1:5] [RETIRO BANCO] - Fermin Martinez hizo un retiro de $1580.
[2018/4/16 - 21:2:2] [DEPOSITO BANCO] - Fermin Martinez hizo un depósito de $289000.
[2018/4/16 - 21:3:5] [DEPOSITO BANCO] - Fermin Martinez hizo un depósito de $20000.
[2018/4/16 - 21:17:23] [RETIRO BANCO] - John Dillinger hizo un retiro de $200000.
[2018/4/16 - 21:17:53] [DEPOSITO BANCO] - John Dillinger hizo un depósito de $250000.
[2018/4/16 - 21:22:33] [DEPOSITO BANCO] - Matias Sanchez hizo un depósito de $230000.
[2018/4/16 - 21:23:16] [RETIRO BANCO] - John Dillinger hizo un retiro de $289759.
[2018/4/16 - 21:26:52] [DEPOSITO BANCO] - Jhon Macfly hizo un depósito de $45000.
[2018/4/16 - 21:39:58] [DEPOSITO BANCO] - Brian Gabirondo hizo un depósito de $10000.
[2018/4/16 - 21:49:28] [DEPOSITO BANCO] - John Dillinger hizo un depósito de $350000.
[2018/4/16 - 21:54:43] [RETIRO BANCO] - Brian Gabirondo hizo un retiro de $10000.
[2018/4/16 - 21:54:49] [RETIRO BANCO] - Fermin Martinez hizo un retiro de $308924.
[2018/4/16 - 22:13:43] [DEPOSITO BANCO] - John Dillinger hizo un depósito de $50000.
[2018/4/16 - 22:20:25] [RETIRO BANCO] - Andrew Villegas hizo un retiro de $15884.
[2018/4/16 - 22:21:15] [RETIRO BANCO] - Jhonny Smith hizo un retiro de $71000.
[2018/4/16 - 23:51:24] [RETIRO BANCO] - Jhonny Smith hizo un retiro de $125750.
[2018/4/16 - 23:55:51] [DEPOSITO BANCO] - Luis Fernandez hizo un depósito de $6000.
[2018/4/16 - 23:56:10] [DEPOSITO BANCO] - Aaron Medina hizo un depósito de $20000.
[2018/4/16 - 23:56:38] [DEPOSITO BANCO] - Aaron Medina hizo un depósito de $10000.
[2018/4/17 - 0:7:47] [RETIRO BANCO] - Alexander Savage hizo un retiro de $100000.
[2018/4/17 - 0:7:53] [RETIRO BANCO] - Alexander Savage hizo un retiro de $52474.
[2018/4/17 - 0:10:30] [RETIRO BANCO] - Erinyel Marquez hizo un retiro de $39580.
[2018/4/17 - 0:28:41] [RETIRO BANCO] - Matias Sanchez hizo un retiro de $52000.
[2018/4/17 - 0:55:20] [RETIRO BANCO] - Matias Sanchez hizo un retiro de $15000.
[2018/4/17 - 3:23:11] [RETIRO BANCO] - Jhonny Smith hizo un retiro de $53616.
[2018/4/17 - 11:17:14] [RETIRO BANCO] - Victor Guampecho hizo un retiro de $2000.
[2018/4/17 - 11:17:35] [DEPOSITO BANCO] - Victor Guampecho hizo un depósito de $2000.
[2018/4/17 - 11:27:26] [DEPOSITO BANCO] - Victor Guampecho hizo un depósito de $9000.
[2018/4/17 - 14:22:25] [DEPOSITO BANCO] - Jose Mendez hizo un depósito de $65000.
[2018/4/17 - 14:25:3] [RETIRO BANCO] - Jose Mendez hizo un retiro de $15000.
[2018/4/17 - 15:7:49] [RETIRO BANCO] - John Dillinger hizo un retiro de $400000.
[2018/4/17 - 15:32:5] [DEPOSITO BANCO] - Christopher Kyle hizo un depósito de $56000.
[2018/4/17 - 16:9:4] [DEPOSITO BANCO] - Victor Guampecho hizo un depósito de $9000.
[2018/4/17 - 16:11:56] [DEPOSITO BANCO] - David Elista hizo un depósito de $8680.
[2018/4/17 - 16:22:43] [RETIRO BANCO] - Santiago Motta hizo un retiro de $7198.
[2018/4/17 - 17:3:57] [DEPOSITO BANCO] - Christopher Kyle hizo un depósito de $54000.
[2018/4/17 - 17:9:4] [RETIRO BANCO] - Christopher Kyle hizo un retiro de $500.
[2018/4/17 - 17:13:51] [RETIRO BANCO] - Christopher Kyle hizo un retiro de $190.
[2018/4/17 - 17:14:7] [RETIRO BANCO] - Christopher Kyle hizo un retiro de $200.
[2018/4/17 - 17:37:45] [DEPOSITO BANCO] - Christopher Kyle hizo un depósito de $16000.
[2018/4/17 - 17:38:24] [RETIRO BANCO] - Christopher Kyle hizo un retiro de $130000.
[2018/4/17 - 17:40:22] [DEPOSITO BANCO] - Christopher Kyle hizo un depósito de $130000.
[2018/4/17 - 18:14:19] [DEPOSITO BANCO] - Christopher Kyle hizo un depósito de $27200.
[2018/4/17 - 18:16:27] [DEPOSITO BANCO] - Luis Fernandez hizo un depósito de $23000.
[2018/4/17 - 18:23:20] [RETIRO BANCO] - Christopher Kyle hizo un retiro de $9000.
[2018/4/17 - 18:23:32] [DEPOSITO BANCO] - Christopher Kyle hizo un depósito de $18000.
[2018/4/17 - 18:23:50] [RETIRO BANCO] - Christopher Kyle hizo un retiro de $183428.
[2018/4/17 - 18:28:47] [DEPOSITO BANCO] - Victor Guampecho hizo un depósito de $9000.
[2018/4/17 - 18:47:1] [DEPOSITO BANCO] - Diego Leguizamon hizo un depósito de $85000.
[2018/4/17 - 19:5:19] [RETIRO BANCO] - Christopher Kyle hizo un retiro de $9876.
[2018/4/17 - 19:5:45] [RETIRO BANCO] - Juan Ruiz hizo un retiro de $200000.
[2018/4/17 - 19:6:24] [DEPOSITO BANCO] - Juan Ruiz hizo un depósito de $200000.
[2018/4/17 - 19:17:9] [RETIRO BANCO] - Santiago Motta hizo un retiro de $15622.
[2018/4/17 - 19:23:1] [DEPOSITO BANCO] - John Dillinger hizo un depósito de $50000.
[2018/4/17 - 19:24:28] [RETIRO BANCO] - Alexey Kozlov hizo un retiro de $100000.
[2018/4/17 - 19:51:15] [RETIRO BANCO] - Jhon Stunts hizo un retiro de $65462.
[2018/4/17 - 19:52:9] [DEPOSITO BANCO] - Luis Enrique hizo un depósito de $88295.
[2018/4/17 - 20:17:35] [RETIRO BANCO] - Christopher Kyle hizo un retiro de $8000.
[2018/4/17 - 20:21:19] [DEPOSITO BANCO] - Luis Fernandez hizo un depósito de $80000.
[2018/4/17 - 20:32:55] [DEPOSITO BANCO] - John Dillinger hizo un depósito de $5000.
[2018/4/17 - 20:33:2] [DEPOSITO BANCO] - John Dillinger hizo un depósito de $5000.
[2018/4/17 - 20:33:25] [DEPOSITO BANCO] - Santiago Motta hizo un depósito de $5000.
[2018/4/17 - 20:37:47] [RETIRO BANCO] - Christopher Kyle hizo un retiro de $1874.
[2018/4/17 - 20:49:57] [RETIRO BANCO] - Luis Fernandez hizo un retiro de $5000.
[2018/4/17 - 20:57:23] [DEPOSITO BANCO] - Velasco McFly hizo un depósito de $48000.
[2018/4/17 - 21:11:36] [DEPOSITO BANCO] - Aaron Medina hizo un depósito de $25000.
[2018/4/17 - 21:11:52] [DEPOSITO BANCO] - Samuel Carreon hizo un depósito de $33266.
[2018/4/17 - 21:27:58] [RETIRO BANCO] - John Dillinger hizo un retiro de $5000.
[2018/4/17 - 21:38:2] [DEPOSITO BANCO] - Santiago Motta hizo un depósito de $3000.
[2018/4/17 - 21:38:13] [DEPOSITO BANCO] - Santiago Motta hizo un depósito de $24000.
[2018/4/17 - 21:42:8] [DEPOSITO BANCO] - Mateo Casillas hizo un depósito de $80000.
[2018/4/17 - 21:47:43] [DEPOSITO BANCO] - Luis Fernandez hizo un depósito de $10000.
[2018/4/17 - 22:7:38] [DEPOSITO BANCO] - John Dillinger hizo un depósito de $70000.
[2018/4/17 - 22:12:16] [DEPOSITO BANCO] - Santiago Motta hizo un depósito de $31000.
[2018/4/17 - 22:14:45] [DEPOSITO BANCO] - Christopher Kyle hizo un depósito de $10000.
[2018/4/17 - 22:17:43] [RETIRO BANCO] - Christopher Kyle hizo un retiro de $1000.
[2018/4/17 - 22:30:30] [RETIRO BANCO] - Luis Fernandez hizo un retiro de $120000.
[2018/4/17 - 22:49:3] [TRANSFER BANCO] - Matias Sanchez hizo una transferencia de $100000 a Juancho Oyarce.
[2018/4/17 - 22:51:45] [DEPOSITO BANCO] - Valentino Casillas hizo un depósito de $100000.
[2018/4/17 - 22:51:54] [DEPOSITO BANCO] - Jorge Gomez hizo un depósito de $30000.
[2018/4/17 - 22:55:21] [RETIRO BANCO] - Juancho Oyarce hizo un retiro de $100000.
[2018/4/17 - 23:1:22] [DEPOSITO BANCO] - Valentino Casillas hizo un depósito de $80000.
[2018/4/17 - 23:1:46] [DEPOSITO BANCO] - Christopher Kyle hizo un depósito de $60838.
[2018/4/17 - 23:14:48] [RETIRO BANCO] - Christopher Kyle hizo un retiro de $1000.
[2018/4/17 - 23:43:32] [RETIRO BANCO] - Luis Enrique hizo un retiro de $170686.
[2018/4/17 - 23:43:57] [DEPOSITO BANCO] - Aaron Medina hizo un depósito de $25000.
[2018/4/17 - 23:44:16] [DEPOSITO BANCO] - Aaron Medina hizo un depósito de $25000.
[2018/4/17 - 23:58:23] [RETIRO BANCO] - Christopher Kyle hizo un retiro de $3000.
[2018/4/18 - 0:7:53] [RETIRO BANCO] - Juan Ruiz hizo un retiro de $250000.
[2018/4/18 - 0:43:54] [RETIRO BANCO] - Matias Sanchez hizo un retiro de $1100.
[2018/4/18 - 0:58:58] [RETIRO BANCO] - Matias Sanchez hizo un retiro de $100.
[2018/4/18 - 1:5:48] [RETIRO BANCO] - Matias Sanchez hizo un retiro de $500.
[2018/4/18 - 1:7:23] [RETIRO BANCO] - Matias Sanchez hizo un retiro de $39.
[2018/4/18 - 1:28:13] [RETIRO BANCO] - Alexander Savage hizo un retiro de $1000.
[2018/4/18 - 1:28:19] [RETIRO BANCO] - Alexander Savage hizo un retiro de $46469.
[2018/4/18 - 1:31:54] [RETIRO BANCO] - Matias Sanchez hizo un retiro de $100.
[2018/4/18 - 10:24:39] [DEPOSITO BANCO] - Andres Fernandez hizo un depósito de $100000.
[2018/4/18 - 10:47:14] [DEPOSITO BANCO] - Aaron Medina hizo un depósito de $25000.
[2018/4/18 - 10:47:23] [DEPOSITO BANCO] - Luis Fernandez hizo un depósito de $150000.
[2018/4/18 - 10:47:26] [DEPOSITO BANCO] - Aaron Medina hizo un depósito de $25000.
[2018/4/18 - 10:47:35] [DEPOSITO BANCO] - Aaron Medina hizo un depósito de $25000.
[2018/4/18 - 10:47:42] [DEPOSITO BANCO] - Aaron Medina hizo un depósito de $25000.
[2018/4/18 - 10:47:46] [DEPOSITO BANCO] - Luis Fernandez hizo un depósito de $20000.
[2018/4/18 - 10:47:51] [DEPOSITO BANCO] - Aaron Medina hizo un depósito de $25000.
[2018/4/18 - 10:48:1] [RETIRO BANCO] - Luis Fernandez hizo un retiro de $8000.
[2018/4/18 - 10:48:1] [DEPOSITO BANCO] - Aaron Medina hizo un depósito de $25000.
[2018/4/18 - 10:48:17] [DEPOSITO BANCO] - Luis Fernandez hizo un depósito de $8000.
[2018/4/18 - 10:48:23] [DEPOSITO BANCO] - Luis Fernandez hizo un depósito de $8000.
[2018/4/18 - 10:49:41] [DEPOSITO BANCO] - Aaron Medina hizo un depósito de $15000.
[2018/4/18 - 10:49:52] [DEPOSITO BANCO] - Luis Fernandez hizo un depósito de $5000.
[2018/4/18 - 11:51:38] [DEPOSITO BANCO] - Andres Fernandez hizo un depósito de $96000.
[2018/4/18 - 12:2:11] [DEPOSITO BANCO] - Luis Fernandez hizo un depósito de $20000.
[2018/4/18 - 12:2:11] [DEPOSITO BANCO] - Aaron Medina hizo un depósito de $9000.
[2018/4/18 - 12:2:20] [DEPOSITO BANCO] - Aaron Medina hizo un depósito de $9000.
[2018/4/18 - 12:7:26] [RETIRO BANCO] - Andres Fernandez hizo un retiro de $5000.
[2018/4/18 - 12:8:20] [DEPOSITO BANCO] - Victor Guampecho hizo un depósito de $9000.
[2018/4/18 - 12:16:50] [RETIRO BANCO] - Andres Leonardi hizo un retiro de $15000.
[2018/4/18 - 12:28:25] [RETIRO BANCO] - Victor Guampecho hizo un retiro de $18000.
[2018/4/18 - 13:12:55] [DEPOSITO BANCO] - Victor Guampecho hizo un depósito de $5000.
[2018/4/18 - 13:13:58] [DEPOSITO BANCO] - John Dillinger hizo un depósito de $3000.
[2018/4/18 - 13:14:9] [DEPOSITO BANCO] - John Dillinger hizo un depósito de $28000.
[2018/4/18 - 13:24:19] [DEPOSITO BANCO] - Victor Guampecho hizo un depósito de $5000.
[2018/4/18 - 13:32:40] [DEPOSITO BANCO] - Victor Guampecho hizo un depósito de $5000.
[2018/4/18 - 13:40:54] [DEPOSITO BANCO] - Victor Guampecho hizo un depósito de $10000.
[2018/4/18 - 14:3:0] [DEPOSITO BANCO] - Juancho Oyarce hizo un depósito de $36338.
[2018/4/18 - 15:35:50] [DEPOSITO BANCO] - Juancho Oyarce hizo un depósito de $38138.
[2018/4/18 - 18:14:40] [RETIRO BANCO] - Andres Leonardi hizo un retiro de $100.
[2018/4/18 - 18:20:29] [RETIRO BANCO] - Jose Mendez hizo un retiro de $10000.
[2018/4/18 - 18:37:3] [RETIRO BANCO] - Andrew Villegas hizo un retiro de $7515.
[2018/4/18 - 18:41:49] [RETIRO BANCO] - John Dillinger hizo un retiro de $2000.
[2018/4/18 - 18:45:5] [RETIRO BANCO] - Juan Ruiz hizo un retiro de $1000.
[2018/4/18 - 19:34:7] [RETIRO BANCO] - Rafael Dogg hizo un retiro de $11787.
[2018/4/18 - 19:41:51] [DEPOSITO BANCO] - Jhonny Smith hizo un depósito de $600000.
[2018/4/18 - 19:44:47] [DEPOSITO BANCO] - Alexander Navas hizo un depósito de $101000.
[2018/4/18 - 19:48:40] [RETIRO BANCO] - Matias Sanchez hizo un retiro de $500.
[2018/4/18 - 19:49:0] [DEPOSITO BANCO] - Santiago Motta hizo un depósito de $20000.
[2018/4/18 - 19:55:12] [RETIRO BANCO] - John Dillinger hizo un retiro de $2000.
[2018/4/18 - 20:39:1] [DEPOSITO BANCO] - Santiago Motta hizo un depósito de $19445.
[2018/4/18 - 20:48:59] [RETIRO BANCO] - Luis Fernandez hizo un retiro de $10000.
[2018/4/18 - 20:49:39] [RETIRO BANCO] - Luis Fernandez hizo un retiro de $90000.
[2018/4/18 - 21:7:9] [DEPOSITO BANCO] - Jorge Gomez hizo un depósito de $20000.
[2018/4/18 - 21:10:49] [RETIRO BANCO] - Mateo Casillas hizo un retiro de $2000.
[2018/4/18 - 21:22:51] [DEPOSITO BANCO] - Jhonny Smith hizo un depósito de $29000.
[2018/4/18 - 21:23:15] [DEPOSITO BANCO] - Jhonny Smith hizo un depósito de $250000.
[2018/4/18 - 22:4:24] [RETIRO BANCO] - Valentino Casillas hizo un retiro de $75000.
[2018/4/18 - 22:19:13] [RETIRO BANCO] - Andres Fernandez hizo un retiro de $3000.
[2018/4/18 - 23:7:10] [RETIRO BANCO] - Andres Leonardi hizo un retiro de $1933.
[2018/4/18 - 23:14:43] [DEPOSITO BANCO] - Mateo Casillas hizo un depósito de $50000.
[2018/4/18 - 23:21:27] [DEPOSITO BANCO] - Jhon Stunts hizo un depósito de $1900000.
[2018/4/18 - 23:21:44] [TRANSFER BANCO] - Jhon Stunts hizo una transferencia de $1900000 a Jhonny Smith.
[2018/4/18 - 23:21:57] [DEPOSITO BANCO] - Juancho Oyarce hizo un depósito de $49200.
[2018/4/18 - 23:23:46] [DEPOSITO BANCO] - Matias Spallietti hizo un depósito de $25000.
[2018/4/18 - 23:25:58] [RETIRO BANCO] - Matias Spallietti hizo un retiro de $25000.
[2018/4/18 - 23:26:53] [DEPOSITO BANCO] - Victor Guampecho hizo un depósito de $5000.
[2018/4/18 - 23:46:43] [RETIRO BANCO] - Victor Guampecho hizo un retiro de $110000.
[2018/4/18 - 23:47:13] [RETIRO BANCO] - Victor Guampecho hizo un retiro de $5000.
[2018/4/19 - 0:0:10] [RETIRO BANCO] - Jorge Gomez hizo un retiro de $90000.
[2018/4/19 - 0:1:14] [DEPOSITO BANCO] - Juancho Oyarce hizo un depósito de $29500.
[2018/4/19 - 0:2:46] [RETIRO BANCO] - Juancho Oyarce hizo un retiro de $1000.
[2018/4/19 - 0:3:22] [RETIRO BANCO] - Juancho Oyarce hizo un retiro de $2000.
[2018/4/19 - 0:4:21] [RETIRO BANCO] - Juancho Oyarce hizo un retiro de $1000.
[2018/4/19 - 1:7:28] [DEPOSITO BANCO] - Juancho Oyarce hizo un depósito de $45200.
[2018/4/19 - 2:31:42] [RETIRO BANCO] - David Elista hizo un retiro de $500.
[2018/4/19 - 10:45:46] [RETIRO BANCO] - John Dillinger hizo un retiro de $327395.
[2018/4/19 - 11:35:4] [DEPOSITO BANCO] - John Dillinger hizo un depósito de $100000.
[2018/4/19 - 11:35:35] [DEPOSITO BANCO] - John Dillinger hizo un depósito de $10000.
[2018/4/19 - 12:55:5] [RETIRO BANCO] - Juancho Oyarce hizo un retiro de $2000.
[2018/4/19 - 13:29:5] [RETIRO BANCO] - Juancho Oyarce hizo un retiro de $3000.
[2018/4/19 - 13:54:49] [DEPOSITO BANCO] - Victor Guampecho hizo un depósito de $10000.
[2018/4/19 - 13:55:17] [RETIRO BANCO] - Samuel Carreon hizo un retiro de $1000.
[2018/4/19 - 13:56:39] [DEPOSITO BANCO] - Aaron Medina hizo un depósito de $25000.
[2018/4/19 - 13:56:46] [DEPOSITO BANCO] - Aaron Medina hizo un depósito de $25000.
[2018/4/19 - 13:56:54] [DEPOSITO BANCO] - Aaron Medina hizo un depósito de $25000.
[2018/4/19 - 13:57:2] [DEPOSITO BANCO] - Aaron Medina hizo un depósito de $10000.
[2018/4/19 - 13:57:17] [DEPOSITO BANCO] - Aaron Medina hizo un depósito de $5000.
[2018/4/19 - 14:9:20] [RETIRO BANCO] - Aaron Medina hizo un retiro de $210000.
[2018/4/19 - 14:17:1] [DEPOSITO BANCO] - Samuel Carreon hizo un depósito de $18275.
[2018/4/19 - 14:46:56] [DEPOSITO BANCO] - Samuel Carreon hizo un depósito de $18000.
[2018/4/19 - 14:52:31] [RETIRO BANCO] - Daniel Worren hizo un retiro de $5763.
[2018/4/19 - 15:6:14] [RETIRO BANCO] - John Dillinger hizo un retiro de $5000.
[2018/4/19 - 15:9:43] [DEPOSITO BANCO] - Victor Guampecho hizo un depósito de $9000.
[2018/4/19 - 15:9:45] [RETIRO BANCO] - Jhon Macfly hizo un retiro de $1000.
[2018/4/19 - 15:12:46] [RETIRO BANCO] - Jhon Macfly hizo un retiro de $1000.
[2018/4/19 - 15:26:20] [DEPOSITO BANCO] - Victor Guampecho hizo un depósito de $10000.
[2018/4/19 - 15:44:8] [TRANSFER BANCO] - Juancho Oyarce hizo una transferencia de $20000 a Aaron Medina.
[2018/4/19 - 15:52:25] [DEPOSITO BANCO] - Victor Guampecho hizo un depósito de $10000.
[2018/4/19 - 15:53:34] [DEPOSITO BANCO] - Samuel Carreon hizo un depósito de $11350.
[2018/4/19 - 16:6:10] [DEPOSITO BANCO] - Victor Guampecho hizo un depósito de $10000.
[2018/4/19 - 16:17:26] [RETIRO BANCO] - Christopher Kyle hizo un retiro de $5000.
[2018/4/19 - 23:13:33] [RETIRO BANCO] - Andres Leonardi hizo un retiro de $23000.
[2018/4/19 - 23:30:5] [DEPOSITO BANCO] - Victor Guampecho hizo un depósito de $13000.
[2018/4/19 - 23:51:41] [DEPOSITO BANCO] - Victor Guampecho hizo un depósito de $20000.
[2018/4/20 - 0:0:7] [DEPOSITO BANCO] - Victor Guampecho hizo un depósito de $10000.
[2018/4/20 - 0:34:10] [RETIRO BANCO] - Juan Ruiz hizo un retiro de $1000.
[2018/4/20 - 0:38:28] [RETIRO BANCO] - Andres Leonardi hizo un retiro de $10000.
[2018/4/20 - 0:42:10] [RETIRO BANCO] - Juan Ruiz hizo un retiro de $250000.
[2018/4/20 - 0:43:9] [DEPOSITO BANCO] - Juan Ruiz hizo un depósito de $250000.
[2018/4/20 - 0:43:27] [RETIRO BANCO] - Juan Ruiz hizo un retiro de $100000.
[2018/4/20 - 1:42:38] [DEPOSITO BANCO] - Juancho Oyarce hizo un depósito de $200560.
[2018/4/20 - 1:45:34] [DEPOSITO BANCO] - John Dillinger hizo un depósito de $300000.
[2018/4/20 - 3:0:31] [RETIRO BANCO] - Jhonny Smith hizo un retiro de $2991439.
[2018/4/20 - 4:39:43] [DEPOSITO BANCO] - Jhonny Smith hizo un depósito de $2900000.
