[2017/5/28 - 14:51:30] Juan Ruiz ha editado la DoorID 11 - Exterior.
[2017/5/28 - 15:57:33] Alexey Kozlov ha editado la DoorID 91 - Exterior.
[2017/5/28 - 16:0:26] Alexey Kozlov ha editado la DoorID 122 - Exterior.
[2017/5/28 - 16:0:41] Alexey Kozlov ha editado la DoorID 122 - Exterior.
[2017/5/28 - 16:8:52] Alexey Kozlov ha editado la DoorID 106 - Exterior.
[2017/5/28 - 16:9:8] Alexey Kozlov ha editado la DoorID 106 - Exterior.
[2017/5/28 - 16:9:9] Alexey Kozlov ha editado la DoorID 106 - Exterior.
[2017/5/28 - 16:9:11] Alexey Kozlov ha editado la DoorID 106 - Exterior.
[2017/5/28 - 16:25:44] Alexey Kozlov ha editado la DoorID 106 - Exterior.
[2017/5/28 - 16:29:2] Alexey Kozlov ha editado la DoorID 106 - PickupModel.
[2017/5/28 - 16:29:41] Alexey Kozlov ha editado la DoorID 106 - PickupModel.
[2017/5/28 - 16:30:7] Alexey Kozlov ha editado la DoorID 106 - PickupModel.
[2017/5/28 - 16:30:10] Alexey Kozlov ha editado la DoorID 106 - PickupModel.
[2017/5/28 - 16:30:17] Alexey Kozlov ha editado la DoorID 106 - PickupModel.
[2017/5/28 - 16:30:23] Alexey Kozlov ha editado la DoorID 106 - PickupModel.
[2017/5/28 - 16:30:29] Alexey Kozlov ha editado la DoorID 106 - PickupModel.
[2017/5/28 - 16:30:34] Alexey Kozlov ha editado la DoorID 106 - PickupModel.
[2017/5/28 - 16:30:39] Alexey Kozlov ha editado la DoorID 106 - PickupModel.
[2017/5/28 - 16:30:41] Alexey Kozlov ha editado la DoorID 106 - PickupModel.
[2017/5/28 - 16:30:44] Alexey Kozlov ha editado la DoorID 106 - PickupModel.
[2017/5/28 - 16:30:47] Alexey Kozlov ha editado la DoorID 106 - PickupModel.
[2017/5/28 - 16:30:53] Alexey Kozlov ha editado la DoorID 106 - PickupModel.
[2017/5/28 - 16:30:57] Alexey Kozlov ha editado la DoorID 106 - PickupModel.
[2017/5/28 - 16:30:59] Alexey Kozlov ha editado la DoorID 106 - PickupModel.
[2017/5/28 - 16:31:1] Alexey Kozlov ha editado la DoorID 106 - PickupModel.
[2017/5/28 - 16:31:4] Alexey Kozlov ha editado la DoorID 106 - PickupModel.
[2017/5/28 - 16:31:6] Alexey Kozlov ha editado la DoorID 106 - PickupModel.
[2017/5/28 - 16:31:9] Alexey Kozlov ha editado la DoorID 106 - PickupModel.
[2017/5/28 - 16:31:11] Alexey Kozlov ha editado la DoorID 106 - PickupModel.
[2017/5/28 - 16:32:29] Alexey Kozlov ha editado la DoorID 106 - Exterior.
[2017/5/28 - 16:34:13] Alexey Kozlov ha editado la DoorID 106 - Interior
[2017/5/28 - 16:34:54] Alexey Kozlov ha editado la DoorID 106 - Interior
[2017/5/28 - 16:38:18] Alexey Kozlov ha editado la DoorID 86 - Exterior.
[2017/5/28 - 16:41:43] Alexey Kozlov ha editado la DoorID 106 - Exterior Personalizado.
[2017/5/28 - 16:42:23] Alexey Kozlov ha editado la DoorID 106 - Exterior Personalizado.
[2017/5/28 - 16:42:34] Alexey Kozlov ha editado la DoorID 106 - Interior Personalizado.
[2017/5/28 - 17:43:52] Alexey Kozlov ha editado la DoorID 2 - Interior Personalizado.
[2017/5/28 - 17:43:57] Alexey Kozlov ha editado la DoorID 2 - Interior Personalizado.
[2017/5/28 - 18:13:30] Alexey Kozlov ha editado la DoorID 128 - Exterior.
[2017/5/28 - 18:21:23] Alexey Kozlov ha editado la DoorID 58 - Exterior.
[2017/5/28 - 18:25:53] Alexey Kozlov ha editado la DoorID 58 - Exterior.
[2017/5/28 - 19:17:55] Alexey Kozlov ha editado la DoorID 109 - Exterior.
[2017/5/28 - 19:18:7] Alexey Kozlov ha editado la DoorID 109 - Exterior.
[2017/5/28 - 19:23:45] Alexey Kozlov ha editado la DoorID 109 - Exterior.
[2017/5/28 - 19:24:50] Juan Ruiz ha editado la DoorID 109 - Interior
[2017/5/28 - 19:25:29] Alexey Kozlov ha editado la DoorID 109 - Interior Personalizado.
[2017/5/28 - 19:26:38] Alexey Kozlov ha editado la DoorID 109 - Exterior Personalizado.
[2017/5/28 - 19:26:52] Alexey Kozlov ha editado la DoorID 109 - Exterior Personalizado.
[2017/5/28 - 19:27:21] Alexey Kozlov ha editado la DoorID 109 - Exterior Personalizado.
[2017/5/28 - 19:27:22] Alexey Kozlov ha editado la DoorID 109 - Exterior Personalizado.
[2017/5/28 - 19:27:38] Alexey Kozlov ha editado la DoorID 109 - Exterior Personalizado.
[2017/5/28 - 19:28:16] Alexey Kozlov ha editado la DoorID 109 - Exterior Personalizado.
[2017/5/28 - 19:28:24] Alexey Kozlov ha editado la DoorID 109 - Interior Personalizado.
[2017/5/28 - 21:26:37] Juan Ruiz ha editado la DoorID 59 - Exterior.
[2017/5/28 - 21:27:10] Alexey Kozlov ha editado la DoorID 59 - Exterior.
[2017/5/28 - 21:27:16] Alexey Kozlov ha editado la DoorID 59 - Exterior.
[2017/5/28 - 21:27:26] Alexey Kozlov ha editado la DoorID 59 - Exterior.
[2017/5/28 - 22:6:26] Alexey Kozlov ha editado la DoorID 151 - Exterior.
[2017/5/28 - 22:8:58] Alexey Kozlov ha editado la DoorID 151 - Interior
[2017/5/28 - 22:12:54] Alexey Kozlov ha editado la DoorID 97 - Exterior.
[2017/5/28 - 22:13:42] Alexey Kozlov ha editado la DoorID 97 - Interior
[2017/5/28 - 22:15:32] Alexey Kozlov ha editado la DoorID 1 - PickupModel.
[2017/5/28 - 22:15:45] Alexey Kozlov ha editado la DoorID 1 - PickupModel.
[2017/5/28 - 22:15:47] Alexey Kozlov ha editado la DoorID 2 - PickupModel.
[2017/5/28 - 22:15:53] Alexey Kozlov ha editado la DoorID 151 - PickupModel.
[2017/5/28 - 22:15:58] Alexey Kozlov ha editado la DoorID 152 - PickupModel.
[2017/5/28 - 22:16:1] Alexey Kozlov ha editado la DoorID 151 - PickupModel.
[2017/5/28 - 22:16:3] Alexey Kozlov ha editado la DoorID 151 - PickupModel.
[2017/5/28 - 22:16:6] Alexey Kozlov ha editado la DoorID 151 - PickupModel.
[2017/5/28 - 22:16:9] Alexey Kozlov ha editado la DoorID 151 - PickupModel.
[2017/5/28 - 22:16:13] Alexey Kozlov ha editado la DoorID 151 - PickupModel.
[2017/5/28 - 22:26:44] Juan Ruiz ha editado la DoorID 151 - Exterior.
[2017/5/28 - 22:26:53] Juan Ruiz ha editado la DoorID 151 - Interior
[2017/5/28 - 23:57:52] Juan Ruiz ha editado la DoorID 72 - Exterior.
[2017/5/29 - 19:52:24] Alexey Kozlov ha editado la DoorID 106 - Exterior.
[2017/5/29 - 19:52:53] Alexey Kozlov editó la DoorID 106 - nombre a Tienda de Electronica.
[2017/5/29 - 19:55:5] Alexey Kozlov ha editado la DoorID 109 - Exterior.
[2017/5/29 - 19:55:36] Alexey Kozlov editó la DoorID 109 - nombre a Banco Central .
[2017/5/29 - 19:57:44] Alexey Kozlov editó la DoorID 91 - nombre a Ayuntamiento LS.
[2017/5/29 - 20:48:40] Alexey Kozlov ha editado la DoorID 109 - Exterior.
[2017/5/29 - 20:49:8] Alexey Kozlov ha editado la DoorID 109 - Exterior.
[2017/5/29 - 20:49:19] Alexey Kozlov ha editado la DoorID 109 - Exterior.
[2017/5/29 - 20:49:36] Alexey Kozlov ha editado la DoorID 109 - Exterior.
[2017/5/29 - 20:50:0] Alexey Kozlov editó la DoorID 109 - nombre a Banco Central.
[2017/5/29 - 20:51:6] Alexey Kozlov ha editado la DoorID 1 - PickupModel.
[2017/5/29 - 20:51:56] Alexey Kozlov ha editado la DoorID 109 - PickupModel.
[2017/5/29 - 20:51:59] Alexey Kozlov ha editado la DoorID 109 - PickupModel.
[2017/5/29 - 20:52:2] Alexey Kozlov ha editado la DoorID 109 - PickupModel.
[2017/5/29 - 20:52:6] Alexey Kozlov ha editado la DoorID 109 - PickupModel.
[2017/5/29 - 20:52:8] Alexey Kozlov ha editado la DoorID 109 - PickupModel.
[2017/5/29 - 20:52:11] Alexey Kozlov ha editado la DoorID 109 - PickupModel.
[2017/5/29 - 20:52:13] Alexey Kozlov ha editado la DoorID 109 - PickupModel.
[2017/5/29 - 20:52:16] Alexey Kozlov ha editado la DoorID 109 - PickupModel.
[2017/5/29 - 20:52:19] Alexey Kozlov ha editado la DoorID 109 - PickupModel.
[2017/5/29 - 20:52:23] Alexey Kozlov ha editado la DoorID 109 - PickupModel.
[2017/5/29 - 20:52:26] Alexey Kozlov ha editado la DoorID 109 - PickupModel.
[2017/5/29 - 20:52:29] Alexey Kozlov ha editado la DoorID 109 - PickupModel.
[2017/5/29 - 20:52:32] Alexey Kozlov ha editado la DoorID 109 - PickupModel.
[2017/5/29 - 20:52:39] Alexey Kozlov ha editado la DoorID 109 - PickupModel.
[2017/5/29 - 20:52:42] Alexey Kozlov ha editado la DoorID 109 - PickupModel.
[2017/5/29 - 20:52:44] Alexey Kozlov ha editado la DoorID 109 - PickupModel.
[2017/5/29 - 20:52:46] Alexey Kozlov ha editado la DoorID 109 - PickupModel.
[2017/5/29 - 20:53:49] Alexey Kozlov ha editado la DoorID 109 - Interior
[2017/5/29 - 22:3:38] Juan Ruiz ha editado la DoorID 105 - Interior
[2017/5/29 - 22:3:51] Alexey Kozlov ha editado la DoorID 105 - Exterior.
[2017/5/29 - 22:4:25] Alexey Kozlov ha editado la DoorID 105 - Exterior.
[2017/5/29 - 22:4:53] Alexey Kozlov ha editado la DoorID 105 - PickupModel.
[2017/5/29 - 22:4:56] Alexey Kozlov ha editado la DoorID 105 - PickupModel.
[2017/5/29 - 22:4:59] Alexey Kozlov ha editado la DoorID 105 - PickupModel.
[2017/5/29 - 22:5:1] Alexey Kozlov ha editado la DoorID 105 - PickupModel.
[2017/5/29 - 22:5:3] Alexey Kozlov ha editado la DoorID 105 - PickupModel.
[2017/5/29 - 22:5:5] Alexey Kozlov ha editado la DoorID 105 - PickupModel.
[2017/5/29 - 22:5:6] Alexey Kozlov ha editado la DoorID 105 - PickupModel.
[2017/5/29 - 22:5:9] Alexey Kozlov ha editado la DoorID 105 - PickupModel.
[2017/5/29 - 22:5:11] Alexey Kozlov ha editado la DoorID 105 - PickupModel.
[2017/5/29 - 22:5:13] Alexey Kozlov ha editado la DoorID 105 - PickupModel.
[2017/5/29 - 22:5:15] Alexey Kozlov ha editado la DoorID 105 - PickupModel.
[2017/5/29 - 22:5:16] Alexey Kozlov ha editado la DoorID 105 - PickupModel.
[2017/5/29 - 22:5:18] Alexey Kozlov ha editado la DoorID 105 - PickupModel.
[2017/5/29 - 22:5:20] Alexey Kozlov ha editado la DoorID 105 - PickupModel.
[2017/5/29 - 22:5:22] Alexey Kozlov ha editado la DoorID 105 - PickupModel.
[2017/5/29 - 22:5:24] Alexey Kozlov ha editado la DoorID 105 - PickupModel.
[2017/5/29 - 22:5:26] Alexey Kozlov ha editado la DoorID 105 - PickupModel.
[2017/5/29 - 22:5:29] Alexey Kozlov ha editado la DoorID 105 - PickupModel.
[2017/5/29 - 22:5:31] Alexey Kozlov ha editado la DoorID 105 - PickupModel.
[2017/5/29 - 22:6:36] Alexey Kozlov ha editado la DoorID 105 - Interior Personalizado.
[2017/5/29 - 22:12:46] Juan Ruiz ha editado la DoorID 58 - Exterior.
[2017/5/29 - 22:13:2] Juan Ruiz ha editado la DoorID 58 - Exterior.
[2017/5/29 - 22:28:13] Alexey Kozlov ha editado la DoorID 107 - Exterior.
[2017/5/29 - 22:28:39] Alexey Kozlov ha editado la DoorID 107 - Interior
[2017/5/29 - 22:51:45] Alexey Kozlov ha editado la DoorID 107 - Exterior.
[2017/5/29 - 22:52:29] Alexey Kozlov editó la DoorID 107 - nombre a Gym.
[2017/5/29 - 22:53:35] Alexey Kozlov ha editado la DoorID 107 - Interior Personalizado.
[2017/5/29 - 23:17:32] Alexey Kozlov ha editado la DoorID 68 - Disponible Vehs.
[2017/5/29 - 23:18:1] Alexey Kozlov ha editado la DoorID 68 - Disponible Vehs.
[2017/5/29 - 23:18:6] Alexey Kozlov ha editado la DoorID 68 - Disponible Vehs.
[2017/5/29 - 23:19:38] Alexey Kozlov ha editado la DoorID 68 - Disponible Vehs.
[2017/5/29 - 23:19:54] Alexey Kozlov ha editado la DoorID 68 - Disponible Vehs.
[2017/5/29 - 23:20:11] Alexey Kozlov ha editado la DoorID 68 - Disponible Vehs.
[2017/5/30 - 0:21:37] Alexey Kozlov ha editado la DoorID 3 - Exterior Personalizado.
[2017/5/30 - 0:22:5] Alexey Kozlov ha editado la DoorID 3 - Interior Personalizado.
[2017/5/30 - 0:22:23] Alexey Kozlov ha editado la DoorID 3 - Interior Personalizado.
[2017/5/30 - 0:22:41] Alexey Kozlov ha editado la DoorID 3 - Interior Personalizado.
[2017/5/30 - 0:22:44] Alexey Kozlov ha editado la DoorID 3 - Interior Personalizado.
[2017/5/30 - 0:22:49] Alexey Kozlov ha editado la DoorID 3 - Exterior Personalizado.
[2017/5/30 - 0:22:50] Alexey Kozlov ha editado la DoorID 3 - Exterior Personalizado.
[2017/5/30 - 0:31:19] Alexey Kozlov ha editado la DoorID 5 - Interior
[2017/5/30 - 0:38:8] Alexey Kozlov ha editado la DoorID 5 - Interior
[2017/5/30 - 0:42:13] Alexey Kozlov ha editado la DoorID 24 - Color.
[2017/5/30 - 0:42:26] Alexey Kozlov ha editado la DoorID 24 - Color.
[2017/5/30 - 0:42:33] Alexey Kozlov ha editado la DoorID 24 - Color.
[2017/5/30 - 0:42:52] Alexey Kozlov ha editado la DoorID 24 - Color.
[2017/5/30 - 0:47:55] Alexey Kozlov ha editado la DoorID 24 - PickupModel.
[2017/5/30 - 0:47:58] Alexey Kozlov ha editado la DoorID 24 - PickupModel.
[2017/5/30 - 0:48:1] Alexey Kozlov ha editado la DoorID 24 - PickupModel.
[2017/5/30 - 0:48:4] Alexey Kozlov ha editado la DoorID 24 - PickupModel.
[2017/5/30 - 0:48:6] Alexey Kozlov ha editado la DoorID 24 - PickupModel.
[2017/5/30 - 0:48:9] Alexey Kozlov ha editado la DoorID 24 - PickupModel.
[2017/5/30 - 0:48:13] Alexey Kozlov ha editado la DoorID 24 - PickupModel.
[2017/5/30 - 0:49:28] Alexey Kozlov ha editado la DoorID 24 - Color.
[2017/5/30 - 0:49:36] Alexey Kozlov ha editado la DoorID 24 - Color.
[2017/5/30 - 0:49:39] Alexey Kozlov ha editado la DoorID 24 - Color.
[2017/5/30 - 0:49:43] Alexey Kozlov ha editado la DoorID 24 - Color.
[2017/5/30 - 0:49:47] Alexey Kozlov ha editado la DoorID 24 - Color.
[2017/5/30 - 0:49:57] Alexey Kozlov ha editado la DoorID 24 - Color.
[2017/5/30 - 0:50:11] Alexey Kozlov ha editado la DoorID 24 - PickupModel.
[2017/5/30 - 0:50:15] Alexey Kozlov ha editado la DoorID 24 - PickupModel.
[2017/5/30 - 0:50:23] Alexey Kozlov ha editado la DoorID 24 - PickupModel.
[2017/5/30 - 0:50:25] Alexey Kozlov ha editado la DoorID 24 - PickupModel.
[2017/5/30 - 0:50:28] Alexey Kozlov ha editado la DoorID 24 - PickupModel.
[2017/5/30 - 0:51:15] Juan Ruiz ha editado la DoorID 24 - Exterior.
[2017/5/30 - 0:55:20] Alexey Kozlov editó la DoorID 24 - nombre a 24-7 Ganton.
[2017/5/30 - 12:47:32] Alexey Kozlov ha editado la DoorID 55 - Exterior.
[2017/5/30 - 12:47:40] Alexey Kozlov ha editado la DoorID 55 - Exterior.
[2017/5/30 - 12:49:55] Alexey Kozlov ha editado la DoorID 55 - Interior
[2017/5/30 - 12:54:54] Alexey Kozlov editó la DoorID 55 - pass a nada.
[2017/5/30 - 12:55:9] Alexey Kozlov editó la DoorID 55 - pass a 'nada'.
[2017/5/30 - 12:55:17] Alexey Kozlov editó la DoorID 55 - pass a nada.
[2017/5/30 - 14:10:3] Alexey Kozlov ha editado la DoorID 7 - PickupModel.
[2017/5/30 - 14:10:59] Alexey Kozlov ha editado la DoorID 7 - PickupModel.
[2017/5/30 - 14:11:3] Alexey Kozlov ha editado la DoorID 7 - PickupModel.
[2017/5/30 - 14:11:8] Alexey Kozlov ha editado la DoorID 7 - PickupModel.
[2017/5/30 - 14:11:11] Alexey Kozlov ha editado la DoorID 7 - PickupModel.
[2017/5/30 - 14:11:13] Alexey Kozlov ha editado la DoorID 7 - PickupModel.
[2017/5/30 - 14:11:15] Alexey Kozlov ha editado la DoorID 7 - PickupModel.
[2017/5/30 - 14:11:17] Alexey Kozlov ha editado la DoorID 7 - PickupModel.
[2017/5/30 - 14:11:18] Alexey Kozlov ha editado la DoorID 7 - PickupModel.
[2017/5/30 - 14:13:2] Alexey Kozlov ha editado la DoorID 24 - PickupModel.
[2017/5/30 - 14:13:4] Alexey Kozlov ha editado la DoorID 24 - PickupModel.
[2017/5/30 - 14:13:5] Alexey Kozlov ha editado la DoorID 24 - PickupModel.
[2017/5/30 - 14:13:27] Alexey Kozlov ha editado la DoorID 24 - PickupModel.
[2017/5/30 - 19:44:43] Alexey Kozlov a borrado DoorID 115.
[2017/5/30 - 19:47:49] Alexey Kozlov ha editado la DoorID 74 - Exterior.
[2017/5/31 - 0:35:29] Alexey Kozlov ha editado la DoorID 55 - Exterior.
[2017/5/31 - 0:35:42] Alexey Kozlov ha editado la DoorID 55 - Exterior.
[2017/5/31 - 0:36:2] Alexey Kozlov ha editado la DoorID 55 - Exterior.
[2017/5/31 - 0:36:12] Alexey Kozlov ha editado la DoorID 55 - Exterior.
[2017/5/31 - 12:56:8] Alexey Kozlov ha editado la DoorID 65 - Exterior.
[2017/5/31 - 12:56:24] Alexey Kozlov ha editado la DoorID 66 - Exterior.
[2017/5/31 - 13:1:18] Alexey Kozlov ha editado la DoorID 66 - Exterior.
[2017/5/31 - 13:5:57] Alexey Kozlov ha editado la DoorID 82 - Exterior.
[2017/5/31 - 13:8:2] Alexey Kozlov ha editado la DoorID 87 - Exterior.
[2017/5/31 - 14:54:37] Alexey Kozlov ha editado la DoorID 18 - Interior
[2017/5/31 - 14:55:11] Alexey Kozlov ha editado la DoorID 18 - Interior Personalizado.
[2017/6/1 - 22:19:32] Alexey Kozlov ha editado la DoorID 87 - Exterior.
[2017/6/1 - 22:20:57] Alexey Kozlov ha editado la DoorID 87 - Color.
[2017/6/1 - 22:21:10] Alexey Kozlov ha editado la DoorID 87 - Color.
[2017/6/2 - 3:38:18] Juan Ruiz ha editado la DoorID 34 - Exterior.
[2017/6/2 - 3:38:33] Juan Ruiz ha editado la DoorID 34 - Interior
[2017/6/2 - 13:11:11] Alexey Kozlov ha editado la DoorID 4 - Interior Personalizado.
[2017/6/3 - 0:21:10] Juan Ruiz ha editado la DoorID 15 - Exterior.
[2017/6/3 - 0:22:40] Juan Ruiz ha editado la DoorID 115 - Exterior.
[2017/6/3 - 0:23:5] Juan Ruiz ha editado la DoorID 115 - PickupModel.
[2017/6/3 - 0:23:8] Juan Ruiz ha editado la DoorID 115 - PickupModel.
[2017/6/3 - 0:23:10] Juan Ruiz ha editado la DoorID 115 - PickupModel.
[2017/6/3 - 0:23:13] Juan Ruiz ha editado la DoorID 115 - PickupModel.
[2017/6/3 - 0:23:16] Juan Ruiz ha editado la DoorID 115 - PickupModel.
[2017/6/3 - 0:23:18] Juan Ruiz ha editado la DoorID 115 - PickupModel.
[2017/6/3 - 0:23:20] Juan Ruiz ha editado la DoorID 115 - PickupModel.
[2017/6/3 - 0:23:24] Juan Ruiz ha editado la DoorID 115 - PickupModel.
[2017/6/3 - 0:23:27] Juan Ruiz ha editado la DoorID 115 - PickupModel.
[2017/6/3 - 0:23:31] Juan Ruiz ha editado la DoorID 115 - PickupModel.
[2017/6/3 - 0:23:34] Juan Ruiz ha editado la DoorID 115 - PickupModel.
[2017/6/3 - 0:23:37] Juan Ruiz ha editado la DoorID 115 - PickupModel.
[2017/6/3 - 0:23:39] Juan Ruiz ha editado la DoorID 115 - PickupModel.
[2017/6/3 - 0:23:41] Juan Ruiz ha editado la DoorID 115 - PickupModel.
[2017/6/3 - 0:23:43] Juan Ruiz ha editado la DoorID 115 - PickupModel.
[2017/6/3 - 0:23:45] Juan Ruiz ha editado la DoorID 115 - PickupModel.
[2017/6/3 - 0:23:48] Juan Ruiz ha editado la DoorID 115 - PickupModel.
[2017/6/3 - 0:23:50] Juan Ruiz ha editado la DoorID 115 - PickupModel.
[2017/6/3 - 0:23:54] Juan Ruiz ha editado la DoorID 115 - PickupModel.
[2017/6/3 - 0:23:57] Juan Ruiz ha editado la DoorID 115 - PickupModel.
[2017/6/3 - 0:23:59] Juan Ruiz ha editado la DoorID 115 - PickupModel.
[2017/6/3 - 0:24:2] Juan Ruiz ha editado la DoorID 115 - PickupModel.
[2017/6/3 - 0:24:5] Juan Ruiz ha editado la DoorID 115 - PickupModel.
[2017/6/3 - 0:24:7] Juan Ruiz ha editado la DoorID 115 - PickupModel.
[2017/6/3 - 0:24:9] Juan Ruiz ha editado la DoorID 115 - PickupModel.
[2017/6/3 - 0:24:11] Juan Ruiz ha editado la DoorID 115 - PickupModel.
[2017/6/3 - 0:24:16] Juan Ruiz ha editado la DoorID 115 - PickupModel.
[2017/6/3 - 0:24:21] Juan Ruiz ha editado la DoorID 115 - PickupModel.
[2017/6/3 - 0:24:57] Juan Ruiz editó la DoorID 115 - nombre a Acceso Helipuerto.
[2017/6/3 - 0:25:37] Juan Ruiz ha editado la DoorID 115 - Interior
[2017/6/3 - 0:26:14] Juan Ruiz ha editado la DoorID 115 - Exterior.
[2017/6/3 - 0:26:45] Juan Ruiz ha editado la DoorID 115 - Exterior.
[2017/6/3 - 0:27:13] Juan Ruiz ha editado la DoorID 115 - Interior
[2017/6/3 - 17:34:48] Juan Ruiz ha editado la DoorID 66 - Exterior.
[2017/6/3 - 17:35:18] Juan Ruiz ha editado la DoorID 66 - PickupModel.
[2017/6/3 - 18:1:25] Juan Ruiz ha editado la DoorID 119 - Exterior.
[2017/6/3 - 18:1:46] Juan Ruiz ha editado la DoorID 119 - PickupModel.
[2017/6/3 - 18:1:51] Juan Ruiz ha editado la DoorID 119 - PickupModel.
[2017/6/3 - 18:2:26] Juan Ruiz editó la DoorID 119 - nombre a Salida Emergencia.
[2017/6/3 - 18:2:39] Juan Ruiz editó la DoorID 119 - nombre a Salida de Emergencia.
[2017/6/3 - 18:4:14] Juan Ruiz ha editado la DoorID 119 - Interior
[2017/6/3 - 18:4:32] Juan Ruiz ha editado la DoorID 119 - Exterior.
[2017/6/3 - 18:4:56] Juan Ruiz ha editado la DoorID 119 - Exterior.
[2017/6/3 - 18:5:12] Juan Ruiz ha editado la DoorID 119 - Exterior.
[2017/6/3 - 18:5:20] Juan Ruiz ha editado la DoorID 119 - Exterior.
[2017/6/3 - 18:5:30] Juan Ruiz ha editado la DoorID 119 - Exterior.
[2017/6/3 - 18:20:15] Juan Ruiz ha editado la DoorID 250 - Exterior.
[2017/6/5 - 22:18:55] Alexey Kozlov ha editado la DoorID 71 - PickupModel.
[2017/6/5 - 22:23:21] Alexey Kozlov ha editado la DoorID 55 - Exterior.
[2017/6/5 - 22:23:33] Alexey Kozlov ha editado la DoorID 55 - Exterior.
[2017/6/5 - 22:26:42] Alexey Kozlov ha editado la DoorID 87 - Exterior.
[2017/6/8 - 3:12:14] Alexey Kozlov ha editado la DoorID 123 - Exterior.
[2017/6/8 - 3:12:31] Alexey Kozlov ha editado la DoorID 123 - Exterior.
[2017/6/8 - 3:12:52] Juan Ruiz ha editado la DoorID 123 - Interior
[2017/6/8 - 3:13:24] Juan Ruiz ha editado la DoorID 123 - Interior Personalizado.
[2017/6/8 - 3:13:58] Juan Ruiz editó la DoorID 123 - nombre a Burger Shot - Little Mexico.
[2017/6/8 - 3:14:36] Juan Ruiz ha editado la DoorID 123 - PickupModel.
[2017/6/13 - 1:55:42] Alexey Kozlov ha editado la DoorID 126 - Exterior.
[2017/6/13 - 1:56:7] Alexey Kozlov editó la DoorID 126 - nombre a Ballas The Kings.
[2017/6/13 - 1:58:17] Alexey Kozlov ha editado la DoorID 126 - Interior
[2017/6/13 - 1:58:46] Alexey Kozlov ha editado la DoorID 126 - Interior Personalizado.
[2017/6/13 - 2:12:18] Alexey Kozlov ha editado la DoorID 11 - Facción.
[2017/6/13 - 2:13:10] Alexey Kozlov ha editado la DoorID 126 - Facción.
[2017/10/19 - 3:21:34] Juan Ruiz ha editado la DoorID 66 - Color.
[2017/10/19 - 3:21:38] Juan Ruiz ha editado la DoorID 66 - Color.
[2017/10/19 - 3:21:47] Juan Ruiz ha editado la DoorID 66 - Color.
[2017/10/19 - 3:21:57] Juan Ruiz ha editado la DoorID 66 - Color.
[2017/10/19 - 3:22:0] Juan Ruiz ha editado la DoorID 66 - Color.
[2017/10/19 - 3:22:4] Juan Ruiz ha editado la DoorID 66 - Color.
[2017/10/19 - 3:22:8] Juan Ruiz ha editado la DoorID 66 - Color.
[2017/10/19 - 3:22:13] Juan Ruiz ha editado la DoorID 66 - Color.
[2017/10/19 - 3:22:17] Juan Ruiz ha editado la DoorID 66 - Color.
[2017/10/19 - 3:22:20] Juan Ruiz ha editado la DoorID 66 - Color.
[2017/10/19 - 3:22:25] Juan Ruiz ha editado la DoorID 66 - Color.
[2017/10/19 - 3:22:27] Juan Ruiz ha editado la DoorID 66 - Color.
[2017/10/19 - 3:22:30] Juan Ruiz ha editado la DoorID 66 - Color.
[2017/10/19 - 3:22:33] Juan Ruiz ha editado la DoorID 66 - Color.
[2017/10/19 - 3:22:35] Juan Ruiz ha editado la DoorID 66 - Color.
[2017/10/19 - 3:22:40] Juan Ruiz ha editado la DoorID 66 - Color.
[2017/10/19 - 3:22:45] Juan Ruiz ha editado la DoorID 66 - Color.
[2017/10/19 - 3:22:54] Juan Ruiz ha editado la DoorID 66 - Color.
[2017/10/19 - 3:22:59] Juan Ruiz ha editado la DoorID 66 - Color.
[2017/10/19 - 3:23:13] Juan Ruiz ha editado la DoorID 66 - Color.
[2017/10/19 - 3:24:2] Juan Ruiz ha editado la DoorID 66 - PickupModel.
[2017/10/19 - 3:24:38] Juan Ruiz ha editado la DoorID 66 - PickupModel.
[2017/10/19 - 3:25:5] Juan Ruiz ha editado la DoorID 66 - PickupModel.
[2017/10/19 - 3:25:11] Juan Ruiz ha editado la DoorID 66 - PickupModel.
[2018/3/30 - 23:17:3] Alexey Kozlov ha editado la DoorID 127 - Exterior.
[2018/3/30 - 23:23:12] Alexey Kozlov ha editado la DoorID 127 - Exterior.
[2018/3/30 - 23:23:33] Alexey Kozlov ha editado la DoorID 1 - PickupModel.
[2018/3/30 - 23:24:15] Alexey Kozlov ha editado la DoorID 127 - PickupModel.
[2018/3/30 - 23:24:21] Alexey Kozlov ha editado la DoorID 127 - PickupModel.
[2018/3/30 - 23:24:27] Alexey Kozlov ha editado la DoorID 127 - PickupModel.
[2018/3/30 - 23:24:34] Alexey Kozlov ha editado la DoorID 127 - PickupModel.
[2018/3/30 - 23:24:38] Alexey Kozlov ha editado la DoorID 127 - PickupModel.
[2018/3/30 - 23:24:41] Alexey Kozlov ha editado la DoorID 127 - PickupModel.
[2018/3/30 - 23:24:44] Alexey Kozlov ha editado la DoorID 127 - PickupModel.
[2018/3/30 - 23:24:54] Alexey Kozlov ha editado la DoorID 127 - PickupModel.
[2018/3/30 - 23:24:58] Alexey Kozlov ha editado la DoorID 127 - PickupModel.
[2018/3/30 - 23:25:1] Alexey Kozlov ha editado la DoorID 127 - PickupModel.
[2018/3/30 - 23:25:6] Alexey Kozlov ha editado la DoorID 127 - PickupModel.
[2018/3/30 - 23:25:10] Alexey Kozlov ha editado la DoorID 127 - PickupModel.
[2018/3/30 - 23:25:13] Alexey Kozlov ha editado la DoorID 127 - PickupModel.
[2018/3/30 - 23:25:31] Alexey Kozlov ha editado la DoorID 127 - Exterior.
[2018/3/30 - 23:27:45] Alexey Kozlov ha editado la DoorID 127 - Interior
[2018/3/31 - 2:30:50] Juan Ruiz ha editado la DoorID 127 - Exterior.
[2018/3/31 - 2:35:33] Juan Ruiz ha editado la DoorID 127 - Exterior.
[2018/3/31 - 2:38:45] Juan Ruiz editó la DoorID 13 - nombre a Restaurante - Verona Beach.
[2018/3/31 - 2:39:54] Juan Ruiz editó la DoorID 13 - nombre a FBI.
[2018/3/31 - 2:45:31] Juan Ruiz ha editado la DoorID 127 - Interior
[2018/3/31 - 2:49:34] Juan Ruiz ha editado la DoorID 127 - Exterior.
[2018/3/31 - 2:49:46] Juan Ruiz ha editado la DoorID 127 - Interior
[2018/4/1 - 1:41:29] Kisha Simone ha editado la DoorID 91 - Exterior.
[2018/4/1 - 2:31:25] Kisha Simone ha editado la DoorID 113 - Interior
[2018/4/1 - 2:32:15] Kisha Simone ha editado la DoorID 113 - Interior
[2018/4/1 - 2:32:53] Kisha Simone ha editado la DoorID 29 - Interior
[2018/4/1 - 2:54:40] Alexey Kozlov ha editado la DoorID 130 - Exterior.
[2018/4/1 - 2:54:48] Alexey Kozlov ha editado la DoorID 130 - Exterior.
[2018/4/1 - 23:39:12] Juan Ruiz ha editado la DoorID 90 - Exterior.
[2018/4/2 - 20:40:16] Alexey Kozlov ha editado la DoorID 127 - Exterior.
[2018/4/2 - 20:42:5] Alexey Kozlov editó la DoorID 127 - nombre a Sala de Conferencias.
[2018/4/2 - 20:42:42] Alexey Kozlov ha editado la DoorID 127 - PickupModel.
[2018/4/2 - 20:42:46] Alexey Kozlov ha editado la DoorID 127 - PickupModel.
[2018/4/2 - 20:42:49] Alexey Kozlov ha editado la DoorID 127 - PickupModel.
[2018/4/2 - 20:42:51] Alexey Kozlov ha editado la DoorID 127 - PickupModel.
[2018/4/2 - 20:42:54] Alexey Kozlov ha editado la DoorID 127 - PickupModel.
[2018/4/2 - 20:42:56] Alexey Kozlov ha editado la DoorID 127 - PickupModel.
[2018/4/2 - 20:42:59] Alexey Kozlov ha editado la DoorID 127 - PickupModel.
[2018/4/2 - 20:43:1] Alexey Kozlov ha editado la DoorID 127 - PickupModel.
[2018/4/2 - 20:43:3] Alexey Kozlov ha editado la DoorID 127 - PickupModel.
[2018/4/2 - 20:43:6] Alexey Kozlov ha editado la DoorID 127 - PickupModel.
[2018/4/2 - 20:43:9] Alexey Kozlov ha editado la DoorID 127 - PickupModel.
[2018/4/2 - 20:43:11] Alexey Kozlov ha editado la DoorID 127 - PickupModel.
[2018/4/2 - 20:43:14] Alexey Kozlov ha editado la DoorID 127 - PickupModel.
[2018/4/2 - 20:43:16] Alexey Kozlov ha editado la DoorID 127 - PickupModel.
[2018/4/2 - 20:43:18] Alexey Kozlov ha editado la DoorID 127 - PickupModel.
[2018/4/2 - 20:43:21] Alexey Kozlov ha editado la DoorID 127 - PickupModel.
[2018/4/2 - 20:43:22] Alexey Kozlov ha editado la DoorID 127 - PickupModel.
[2018/4/2 - 20:43:25] Alexey Kozlov ha editado la DoorID 127 - PickupModel.
[2018/4/2 - 20:43:28] Alexey Kozlov ha editado la DoorID 127 - PickupModel.
[2018/4/2 - 20:43:30] Alexey Kozlov ha editado la DoorID 127 - PickupModel.
[2018/4/2 - 20:44:32] Alexey Kozlov ha editado la DoorID 127 - Interior
[2018/4/2 - 20:45:26] Alexey Kozlov ha editado la DoorID 127 - Exterior.
[2018/4/17 - 1:23:32] Juan Ruiz ha editado la DoorID 91 - Exterior Personalizado.
[2018/4/20 - 2:29:53] Juan Ruiz ha editado la DoorID 128 - Exterior.
[2018/4/20 - 2:31:5] Juan Ruiz ha editado la DoorID 128 - Interior
[2018/4/20 - 2:33:11] Juan Ruiz ha editado la DoorID 128 - Exterior.
