[2017/6/3 - 18:31:27] {BE81F7}Juan Ruiz {FFFFFF}has creado un nuevo graffiti: '{BE81F7}BALLAZ THE KING{FFFFFF}'
[2017/6/3 - 18:33:6] {BE81F7}Juan Ruiz {FFFFFF}has creado un nuevo graffiti: '{BE81F7}BALLAZ THE KING{FFFFFF}'
[2017/6/3 - 18:34:34] {BE81F7}Juan Ruiz {FFFFFF}has creado un nuevo graffiti: '{BE81F7}BALLAZ{FFFFFF}'
[2017/6/3 - 18:36:11] {BE81F7}Juan Ruiz {FFFFFF}has creado un nuevo graffiti: '{BE81F7}ME{FFFFFF}'
[2017/6/3 - 18:37:22] {BE81F7}Juan Ruiz {FFFFFF}has creado un nuevo graffiti: '{BE81F7}XI{FFFFFF}'
[2018/4/13 - 14:39:43] {BE81F7}Rafael Dogg {FFFFFF}has creado un nuevo graffiti: '{BE81F7}Grove Str. Kingz{FFFFFF}'
[2018/4/13 - 14:41:30] {BE81F7}Rafael Dogg {FFFFFF}has creado un nuevo graffiti: '{BE81F7}Grove Str.@ Kinz{FFFFFF}'
[2018/4/13 - 15:20:1] {BE81F7}Rafael Dogg {FFFFFF}has creado un nuevo graffiti: '{BE81F7}Grove Srt. Manda{FFFFFF}'
[2018/4/13 - 15:24:2] {BE81F7}Rafael Dogg {FFFFFF}has creado un nuevo graffiti: '{BE81F7}-Rafael{FFFFFF}'
[2018/4/13 - 16:35:31] {BE81F7}Rafael Dogg {FFFFFF}has creado un nuevo graffiti: '{BE81F7}DOGGY DOGG{FFFFFF}'
[2018/4/13 - 16:42:27] {BE81F7}Julio Rodriguez {FFFFFF}has creado un nuevo graffiti: '{BE81F7}Exemplo{FFFFFF}'
[2018/4/15 - 17:45:47] {BE81F7}Juan Ruiz {FFFFFF}has creado un nuevo graffiti: '{BE81F7}ME{FFFFFF}'
[2018/4/15 - 17:47:24] {BE81F7}Juan Ruiz {FFFFFF}has creado un nuevo graffiti: '{BE81F7}ME{FFFFFF}'
[2018/4/15 - 17:49:6] {BE81F7}Juan Ruiz {FFFFFF}has creado un nuevo graffiti: '{BE81F7}ME{FFFFFF}'
[2018/4/15 - 18:13:28] {BE81F7}Juan Ruiz {FFFFFF}has creado un nuevo graffiti: '{BE81F7}ME{FFFFFF}'
[2018/4/15 - 18:16:35] {BE81F7}Juan Ruiz {FFFFFF}has creado un nuevo graffiti: '{BE81F7}XI{FFFFFF}'
[2018/4/15 - 18:17:54] {BE81F7}Juan Ruiz {FFFFFF}has creado un nuevo graffiti: '{BE81F7}XI{FFFFFF}'
[2018/4/15 - 18:20:30] {BE81F7}Juan Ruiz {FFFFFF}has creado un nuevo graffiti: '{BE81F7}CO{FFFFFF}'
[2018/4/15 - 19:4:53] {BE81F7}Juan Ruiz {FFFFFF}has creado un nuevo graffiti: '{BE81F7}J-Kingz{FFFFFF}'
[2018/4/15 - 19:31:15] {BE81F7}Juan Ruiz {FFFFFF}has creado un nuevo graffiti: '{BE81F7}Venezuela{FFFFFF}'
[2018/4/16 - 18:2:36] {BE81F7}Juan Ruiz {FFFFFF}has creado un nuevo graffiti: '{BE81F7}Exemplo{FFFFFF}'
[2018/4/16 - 18:4:0] {BE81F7}Juan Ruiz {FFFFFF}has creado un nuevo graffiti: '{BE81F7}KINGZ{FFFFFF}'
[2018/4/16 - 19:3:46] {BE81F7}Juan Ruiz {FFFFFF}has creado un nuevo graffiti: '{BE81F7}Kingz{FFFFFF}'
[2018/4/17 - 19:31:53] {BE81F7}Yeferson Maiz {FFFFFF}has creado un nuevo graffiti: '{BE81F7}Latin Kignz{FFFFFF}'
[2018/4/18 - 23:47:37] {BE81F7}Tyrone Crawrford {FFFFFF}has creado un nuevo graffiti: '{BE81F7}Grove Street{FFFFFF}'
[2018/4/18 - 23:49:30] {BE81F7}Juancho Oyarce {FFFFFF}has creado un nuevo graffiti: '{BE81F7}MECANICOS DE MIERDA{FFFFFF}'
[2018/4/18 - 23:51:3] {BE81F7}Juancho Oyarce {FFFFFF}has creado un nuevo graffiti: '{BE81F7}MECANICOS HIJUEPUTAS{FFFFFF}'
[2018/4/18 - 23:51:54] {BE81F7}Juancho Oyarce {FFFFFF}has creado un nuevo graffiti: '{BE81F7}ig{FFFFFF}'
[2018/4/18 - 23:52:24] {BE81F7}Tyrone Crawrford {FFFFFF}has creado un nuevo graffiti: '{BE81F7}Lil BMUERTE A LOS MECANICOS{FFFFFF}'
[2018/4/18 - 23:54:32] {BE81F7}Juancho Oyarce {FFFFFF}has creado un nuevo graffiti: '{BE81F7}OYARCE MANDA PERROS{FFFFFF}'
[2018/4/19 - 0:2:55] {BE81F7}Rafael Dogg {FFFFFF}has creado un nuevo graffiti: '{BE81F7}rove Domina aquí{FFFFFF}'
[2018/4/19 - 0:3:47] {BE81F7}Tyrone Crawrford {FFFFFF}has creado un nuevo graffiti: '{BE81F7}Grove Domina aquí{FFFFFF}'
[2018/4/19 - 0:6:40] {BE81F7}Rafael Dogg {FFFFFF}has creado un nuevo graffiti: '{BE81F7}RAFA PISO ESTO MMG!{FFFFFF}'
[2018/4/19 - 0:7:28] {BE81F7}Rafael Dogg {FFFFFF}has creado un nuevo graffiti: '{BE81F7}GROOVES{FFFFFF}'
[2018/4/19 - 16:42:28] {BE81F7}Tyrone Crawrford {FFFFFF}has creado un nuevo graffiti: '{BE81F7}Grove Street Te manda mathafacka{FFFFFF}'
[2018/4/19 - 16:44:18] {BE81F7}Tyrone Crawrford {FFFFFF}has creado un nuevo graffiti: '{BE81F7}Ahora Lil Big te piso {FFFFFF}'
