[2018/4/3 - 15:39:14] Juan Ruiz has edited HouseID 140000's Price to $.
[2018/4/4 - 13:42:21] Alexey Kozlov has edited HouseID 500000's Price to $.
[2018/4/5 - 12:58:17] Alexey Kozlov has edited HouseID 250000's Price to $.
[2018/4/7 - 16:5:42] Ivan Rodriguez has edited HouseID 211's Class to 3.
[2018/4/7 - 16:6:18] Ivan Rodriguez has edited HouseID 211's Level to 4.
[2018/4/7 - 16:6:47] Ivan Rodriguez has edited HouseID 23599's Price to $.
[2018/4/7 - 16:18:3] Ivan Rodriguez has edited HouseID 250's Class to 3.
[2018/4/7 - 16:18:22] Ivan Rodriguez has edited HouseID 250's Level to 4.
[2018/4/7 - 16:18:45] Ivan Rodriguez has edited HouseID 23500's Price to $.
[2018/4/7 - 16:19:18] Ivan Rodriguez has edited HouseID 250's Interior.
[2018/4/7 - 16:19:39] Ivan Rodriguez has edited HouseID 250's Interior.
[2018/4/7 - 16:19:48] Ivan Rodriguez has edited HouseID 250's Interior.
[2018/4/7 - 16:20:9] Ivan Rodriguez has edited HouseID 250's Interior.
[2018/4/7 - 16:26:30] Ivan Rodriguez has edited HouseID 174's Level to 4.
[2018/4/7 - 16:27:52] Ivan Rodriguez has edited HouseID 250's Exterior.
[2018/4/7 - 16:28:2] Ivan Rodriguez has edited HouseID 174's Exterior.
[2018/4/7 - 16:28:11] Ivan Rodriguez has edited HouseID 250's Exterior.
[2018/4/7 - 16:29:6] Ivan Rodriguez has edited HouseID 174's Exterior.
[2018/4/7 - 16:29:35] Ivan Rodriguez has edited HouseID 174's Exterior.
[2018/4/8 - 20:40:45] Ivan Rodriguez has edited HouseID 214's Class to 3.
[2018/4/8 - 20:41:5] Ivan Rodriguez has edited HouseID 100000's Price to $.
[2018/4/8 - 20:41:20] Ivan Rodriguez has edited HouseID 214's Level to 2.
[2018/4/11 - 12:47:47] Ivan Rodriguez has edited HouseID 174's Level to 5.
[2018/4/11 - 12:47:56] Ivan Rodriguez has edited HouseID 5's Timer to $.
[2018/4/11 - 12:48:6] Ivan Rodriguez has edited HouseID 31's Timer to $.
[2018/4/11 - 15:19:36] Juan Ruiz has edited HouseID 1500000's Price to $.
[2018/4/11 - 15:20:9] Juan Ruiz has edited HouseID 1950000's Price to $.
[2018/4/11 - 15:20:42] Juan Ruiz has edited HouseID 2850000's Price to $.
[2018/4/11 - 15:22:17] Alexey Kozlov has edited HouseID 3000000's Price to $.
[2018/4/11 - 15:22:30] Alexey Kozlov has edited HouseID 211's Level to 10.
[2018/4/11 - 15:22:51] Juan Ruiz has edited HouseID 3700000's Price to $.
[2018/4/11 - 15:23:13] Juan Ruiz has edited HouseID 2500000's Price to $.
[2018/4/11 - 15:23:56] Juan Ruiz has edited HouseID 500000's Price to $.
[2018/4/11 - 15:24:3] Juan Ruiz has edited HouseID 3500000's Price to $.
[2018/4/11 - 15:24:32] Juan Ruiz has edited HouseID 2500000's Price to $.
[2018/4/11 - 15:25:15] Juan Ruiz has edited HouseID 2000000's Price to $.
[2018/4/11 - 15:25:58] Juan Ruiz has edited HouseID 1500000's Price to $.
[2018/4/11 - 15:26:54] Juan Ruiz has edited HouseID 1500000's Price to $.
[2018/4/11 - 15:27:32] Juan Ruiz has edited HouseID 1500000's Price to $.
[2018/4/11 - 15:27:56] Juan Ruiz has edited HouseID 1000000's Price to $.
[2018/4/11 - 15:29:2] Juan Ruiz has edited HouseID 2450000's Price to $.
[2018/4/11 - 15:29:35] Juan Ruiz has edited HouseID 1450000's Price to $.
[2018/4/11 - 15:30:6] Juan Ruiz has edited HouseID 1450000's Price to $.
[2018/4/11 - 15:30:55] Juan Ruiz has edited HouseID 1450000's Price to $.
[2018/4/11 - 15:31:33] Juan Ruiz has edited HouseID 2000000's Price to $.
[2018/4/11 - 15:33:41] Juan Ruiz has edited HouseID 2000000's Price to $.
[2018/4/11 - 15:34:9] Juan Ruiz has edited HouseID 2500000's Price to $.
[2018/4/11 - 15:34:39] Juan Ruiz has edited HouseID 2300000's Price to $.
[2018/4/11 - 15:35:24] Juan Ruiz has edited HouseID 2320000's Price to $.
[2018/4/11 - 15:35:36] Juan Ruiz has edited HouseID 2000000's Price to $.
[2018/4/11 - 15:36:11] Juan Ruiz has edited HouseID 2000000's Price to $.
[2018/4/11 - 15:37:10] Juan Ruiz has edited HouseID 2000000's Price to $.
[2018/4/11 - 15:37:54] Juan Ruiz has edited HouseID 1650000's Price to $.
[2018/4/11 - 15:38:29] Juan Ruiz has edited HouseID 2500000's Price to $.
[2018/4/11 - 15:38:57] Juan Ruiz has edited HouseID 2500000's Price to $.
[2018/4/11 - 15:39:58] Juan Ruiz has edited HouseID 2900000's Price to $.
[2018/4/11 - 15:45:14] Juan Ruiz has edited HouseID 2500000's Price to $.
[2018/4/11 - 15:45:34] Juan Ruiz has edited HouseID 2500000's Price to $.
[2018/4/11 - 15:46:13] Juan Ruiz has edited HouseID 2500000's Price to $.
[2018/4/11 - 15:46:41] Juan Ruiz has edited HouseID 2100000's Price to $.
[2018/4/11 - 15:47:9] Juan Ruiz has edited HouseID 1900000's Price to $.
[2018/4/11 - 15:47:34] Juan Ruiz has edited HouseID 2400000's Price to $.
[2018/4/11 - 15:47:58] Juan Ruiz has edited HouseID 1000000's Price to $.
[2018/4/11 - 15:49:16] Juan Ruiz has edited HouseID 65000's Price to $.
[2018/4/11 - 15:49:53] Juan Ruiz has edited HouseID 1000000's Price to $.
[2018/4/11 - 15:50:38] Juan Ruiz has edited HouseID 2500000's Price to $.
[2018/4/11 - 15:51:6] Juan Ruiz has edited HouseID 3000000's Price to $.
[2018/4/11 - 15:51:34] Juan Ruiz has edited HouseID 3000000's Price to $.
[2018/4/11 - 15:52:7] Juan Ruiz has edited HouseID 2000000's Price to $.
[2018/4/11 - 15:52:36] Juan Ruiz has edited HouseID 1000000's Price to $.
[2018/4/11 - 15:52:45] Juan Ruiz has edited HouseID 1500000's Price to $.
[2018/4/11 - 15:54:22] Juan Ruiz has edited HouseID 10000000's Price to $.
[2018/4/11 - 15:56:17] Juan Ruiz has edited HouseID 3000000's Price to $.
[2018/4/11 - 15:56:50] Juan Ruiz has edited HouseID 3000000's Price to $.
[2018/4/11 - 15:59:53] Juan Ruiz has edited HouseID 1000000's Price to $.
[2018/4/11 - 16:0:23] Juan Ruiz has edited HouseID 1500000's Price to $.
[2018/4/11 - 16:0:44] Juan Ruiz has edited HouseID 1500000's Price to $.
[2018/4/11 - 16:0:58] Juan Ruiz has edited HouseID 2500000's Price to $.
[2018/4/11 - 16:1:50] Juan Ruiz has edited HouseID 2500000's Price to $.
[2018/4/11 - 16:1:59] Juan Ruiz has edited HouseID 2500000's Price to $.
[2018/4/11 - 16:2:6] Juan Ruiz has edited HouseID 1500000's Price to $.
[2018/4/11 - 16:2:13] Juan Ruiz has edited HouseID 1500000's Price to $.
[2018/4/13 - 18:1:41] Juan Ruiz has edited HouseID 90000's Price to $.
[2018/4/17 - 3:11:32] Juan Ruiz has edited HouseID 178's Level to 3.
[2018/4/18 - 18:21:26] Juan Ruiz has edited HouseID 10's Level to 5.
[2018/4/18 - 18:22:3] Juan Ruiz has edited HouseID 500000's Price to $.
[2018/4/18 - 18:22:16] Juan Ruiz has edited HouseID 500000's Price to $.
[2018/4/18 - 18:22:23] Juan Ruiz has edited HouseID 550000's Price to $.
[2018/4/18 - 22:2:19] Juan Ruiz has edited HouseID 40's Exterior.
[2018/4/18 - 22:2:46] Juan Ruiz has edited HouseID 40's Level to 2.
