[2017/5/29 - 23:1:19] {FFFF00}[AdmWarning]:{FF0000} Alexey Kozlov dio 1250000 de dinero a Alexey Kozlov.
[2017/5/29 - 23:1:47] {FFFF00}[AdmWarning]:{FF0000} Alexey Kozlov dio 12500 de dinero a Alexey Kozlov.
[2017/6/2 - 3:51:49] {FFFF00}[AdmWarning]:{FF0000} Juan Ruiz dio 150000 de dinero a Juan Ruiz.
[2017/6/2 - 22:26:46] {FFFF00}[AdmWarning]:{FF0000} Juan Ruiz dio 10000 de dinero a Juan Ruiz.
[2017/6/3 - 0:12:27] {FFFF00}[AdmWarning]:{FF0000} Juan Ruiz dio 95000 de dinero a Juan Ruiz.
[2017/6/3 - 20:25:6] {FFFF00}[AdmWarning]:{FF0000} Juan Ruiz dio 1500000 de dinero a Juan Ruiz.
[2017/6/3 - 20:48:13] {FFFF00}[AdmWarning]:{FF0000} Juan Ruiz dio 1500000 de dinero a Juan Ruiz.
[2017/6/5 - 14:24:35] {FFFF00}[AdmWarning]:{FF0000} Alexey Kozlov dio 300000000 de dinero a Alexey Kozlov.
[2017/6/5 - 16:36:5] {FFFF00}[AdmWarning]:{FF0000} Alexey Kozlov dio 2000000 de dinero a Alexey Kozlov.
[2017/6/8 - 16:26:21] {FFFF00}[AdmWarning]:{FF0000} Juan Ruiz dio 1000000 de dinero a Juan Ruiz.
[2017/6/12 - 1:30:55] {FFFF00}[AdmWarning]:{FF0000} Juan Ruiz dio 100000 de dinero a Juan Ruiz.
[2017/6/12 - 1:31:1] {FFFF00}[AdmWarning]:{FF0000} Juan Ruiz dio 1000000 de dinero a Juan Ruiz.
[2017/6/12 - 4:2:6] {FFFF00}[AdmWarning]:{FF0000} Alexey Kozlov dio 150000 de dinero a Alexey Kozlov.
[2017/10/19 - 13:41:47] * Juan Ruiz pagó 50000$ a Alexey Kozlov
[2017/10/19 - 13:41:57] {FFFF00}[AdmWarning]:{FF0000} Juan Ruiz dio 380000 de dinero a Alexey Kozlov.
[2017/10/19 - 2:22:38] {FFFF00}[AdmWarning]:{FF0000} Juan Ruiz dio 100 de dinero a Juan Ruiz.
[2017/10/19 - 2:22:47] {FFFF00}[AdmWarning]:{FF0000} Juan Ruiz dio 200 de dinero a Juan Ruiz.
[2017/10/19 - 2:22:55] {FFFF00}[AdmWarning]:{FF0000} Juan Ruiz dio 500 de dinero a Juan Ruiz.
[2017/10/19 - 2:24:57] {FFFF00}[AdmWarning]:{FF0000} Juan Ruiz dio 1 de dinero a Juan Ruiz.
[2017/10/19 - 2:43:30] {FFFF00}[AdmWarning]:{FF0000} Juan Ruiz dio 500 de dinero a Juan Ruiz.
[2017/10/19 - 2:53:39] {FFFF00}[AdmWarning]:{FF0000} Juan Ruiz dio 500 de dinero a Juan Ruiz.
[2018/3/30 - 23:54:45] {FFFF00}[AdmWarning]:{FF0000} Juan Ruiz dio 100000 de dinero a Juan Ruiz.
[2018/4/2 - 14:51:18] * Martin Diaz pagó 20000$ a Thomas Westwood
[2018/4/6 - 17:57:53] {FFFF00}[AdmWarning]:{FF0000} Alexey Kozlov dio 10 de dinero a Alexey Kozlov.
[2018/4/6 - 17:58:28] {FFFF00}[AdmWarning]:{FF0000} Alexey Kozlov dio 1000000 de dinero a Francii Baez.
[2018/4/7 - 15:58:32] {FFFF00}[AdmWarning]:{FF0000} Ivan Rodriguez dio 235000 de dinero a Ivan Rodriguez.
[2018/4/7 - 16:7:2] {FFFF00}[AdmWarning]:{FF0000} Ivan Rodriguez dio 1 de dinero a Ivan Rodriguez.
[2018/4/7 - 16:10:5] {FFFF00}[AdmWarning]:{FF0000} Ivan Rodriguez dio 10000 de dinero a Ivan Rodriguez.
[2018/4/7 - 16:26:47] {FFFF00}[AdmWarning]:{FF0000} Ivan Rodriguez dio 1200000 de dinero a Ivan Rodriguez.
[2018/4/7 - 17:35:5] * Johendry Chavez pagó 1$ a Johendry Chavez
[2018/4/7 - 17:35:18] * Johendry Chavez pagó 20000$ a Johendry Chavez
[2018/4/8 - 17:22:27] {FFFF00}[AdmWarning]:{FF0000} Ivan Rodriguez dio 20000 de dinero a Ivan Rodriguez.
[2018/4/8 - 17:23:4] {FFFF00}[AdmWarning]:{FF0000} Ivan Rodriguez dio 5400 de dinero a Ivan Rodriguez.
[2018/4/8 - 17:52:57] {FFFF00}[AdmWarning]:{FF0000} Ivan Rodriguez dio 200000 de dinero a Ivan Rodriguez.
[2018/4/8 - 17:53:12] * Ivan Rodriguez pagó 50000$ a Christian Gil
[2018/4/8 - 17:53:25] * Ivan Rodriguez pagó 50000$ a Armando Sanchez
[2018/4/8 - 17:53:31] * Ivan Rodriguez pagó 50000$ a Armando Sanchez
[2018/4/8 - 17:53:38] * Ivan Rodriguez pagó 50000$ a Christian Gil
[2018/4/8 - 17:54:6] {FFFF00}[AdmWarning]:{FF0000} Ivan Rodriguez dio 100000 de dinero a Ivan Rodriguez.
[2018/4/8 - 18:31:36] {FFFF00}[AdmWarning]:{FF0000} Ivan Rodriguez dio 10000 de dinero a Alexander Navas.
[2018/4/8 - 19:6:8] * Francii Baez pagó 650$ a Brownie Lownie
[2018/4/8 - 21:50:34] {FFFF00}[AdmWarning]:{FF0000} Ivan Rodriguez dio 400000 de dinero a Ivan Rodriguez.
[2018/4/10 - 22:40:2] {FFFF00}[AdmWarning]:{FF0000} Ivan Rodriguez dio 1000000 de dinero a Ivan Rodriguez.
[2018/4/10 - 22:40:51] * Ivan Rodriguez pagó 50000$ a Christian Gil
[2018/4/11 - 12:35:21] {FFFF00}[AdmWarning]:{FF0000} Ivan Rodriguez dio 150000 de dinero a Ivan Rodriguez.
[2018/4/11 - 12:36:4] {FFFF00}[AdmWarning]:{FF0000} Ivan Rodriguez dio 9 de dinero a Ivan Rodriguez.
[2018/4/11 - 12:36:9] {FFFF00}[AdmWarning]:{FF0000} Ivan Rodriguez dio 10 de dinero a Ivan Rodriguez.
[2018/4/11 - 12:36:19] {FFFF00}[AdmWarning]:{FF0000} Ivan Rodriguez dio 900 de dinero a Ivan Rodriguez.
[2018/4/11 - 12:36:40] {FFFF00}[AdmWarning]:{FF0000} Ivan Rodriguez dio 4000 de dinero a Ivan Rodriguez.
[2018/4/11 - 12:37:11] {FFFF00}[AdmWarning]:{FF0000} Ivan Rodriguez dio 400000 de dinero a Ivan Rodriguez.
[2018/4/11 - 12:37:19] {FFFF00}[AdmWarning]:{FF0000} Ivan Rodriguez dio 1 de dinero a Ivan Rodriguez.
[2018/4/11 - 16:46:7] * Juan Ruiz pagó 1000$ a Jose Saenz
[2018/4/13 - 23:45:18] {FFFF00}[AdmWarning]:{FF0000} Juan Ruiz dio 100 de dinero a Juan Ruiz.
[2018/4/13 - 23:52:21] {FFFF00}[AdmWarning]:{FF0000} Juan Ruiz dio 200 de dinero a Juan Ruiz.
[2018/4/13 - 23:52:29] {FFFF00}[AdmWarning]:{FF0000} Juan Ruiz dio 2000 de dinero a Juan Ruiz.
[2018/4/14 - 15:28:28] {FFFF00}[AdmWarning]:{FF0000} Alexey Kozlov dio 250000 de dinero a Alexey Kozlov.
[2018/4/14 - 16:25:33] {FFFF00}[AdmWarning]:{FF0000} Juan Ruiz dio 2000 de dinero a Juan Ruiz.
[2018/4/14 - 16:25:42] {FFFF00}[AdmWarning]:{FF0000} Juan Ruiz dio 20000 de dinero a Juan Ruiz.
[2018/4/14 - 17:34:4] {FFFF00}[AdmWarning]:{FF0000} Alexey Kozlov dio 2000 de dinero a John Dillinger.
[2018/4/14 - 19:22:33] {FFFF00}[AdmWarning]:{FF0000} Juan Ruiz dio 10000 de dinero a Juan Ruiz.
[2018/4/14 - 19:29:7] {FFFF00}[AdmWarning]:{FF0000} Alexey Kozlov dio 2000 de dinero a John Dillinger.
[2018/4/14 - 19:29:29] {FFFF00}[AdmWarning]:{FF0000} Alexey Kozlov dio 1000 de dinero a John Dillinger.
[2018/4/15 - 1:7:48] {FFFF00}[AdmWarning]:{FF0000} Alexey Kozlov dio 52000 de dinero a John Dillinger.
[2018/4/15 - 1:11:30] {FFFF00}[AdmWarning]:{FF0000} Alexey Kozlov dio 10000 de dinero a John Dillinger.
[2018/4/15 - 11:20:59] {FFFF00}[AdmWarning]:{FF0000} Alexey Kozlov dio 1 de dinero a John Dillinger.
[2018/4/15 - 13:19:20] {FFFF00}[AdmWarning]:{FF0000} Alexey Kozlov dio 235000 de dinero a John Dillinger.
[2018/4/15 - 13:19:26] {FFFF00}[AdmWarning]:{FF0000} Alexey Kozlov dio 2000 de dinero a John Dillinger.
[2018/4/15 - 13:27:38] {FFFF00}[AdmWarning]:{FF0000} Alexey Kozlov dio 10000 de dinero a John Dillinger.
[2018/4/15 - 18:2:58] {FFFF00}[AdmWarning]:{FF0000} Juan Ruiz dio 50000 de dinero a Nicolas Ledesma.
[2018/4/15 - 23:52:29] * Ivan Rodriguez pagó 50000$ a John Dillinger
[2018/4/15 - 23:52:42] * Ivan Rodriguez pagó 43000$ a John Dillinger
[2018/4/16 - 1:17:3] * Alexey Kozlov pagó 40000$ a John Dillinger
[2018/4/16 - 1:22:36] * Alexey Kozlov pagó 50000$ a John Dillinger
[2018/4/16 - 12:4:26] * John Dillinger pagó 2000$ a Mao Zhu
[2018/4/16 - 12:56:12] * Mao Zhu pagó 84$ a Victor Guampecho
[2018/4/16 - 12:57:5] * Mao Zhu pagó 5000$ a Victor Guampecho
[2018/4/16 - 13:1:9] * Victor Guampecho pagó 8$ a Mao Zhu
[2018/4/16 - 13:33:22] {FFFF00}[AdmWarning]:{FF0000} Alexey Kozlov dio 20000 de dinero a Mao Zhu.
[2018/4/16 - 13:33:43] * Mao Zhu pagó 14$ a Victor Guampecho
[2018/4/16 - 14:24:59] * Mao Zhu pagó 33374$ a John Dillinger
[2018/4/16 - 14:27:20] * John Dillinger pagó 1$ a Mao Zhu
[2018/4/16 - 15:48:15] * Samuel Carreon pagó 670$ a Victor Guampecho
[2018/4/16 - 16:3:38] * Juan Ruiz pagó 200$ a Mao Zhu
[2018/4/16 - 16:26:4] * Samuel Carreon pagó 50000$ a John Dillinger
[2018/4/16 - 16:26:18] * Samuel Carreon pagó 47760$ a John Dillinger
[2018/4/16 - 17:2:20] {FFFF00}[AdmWarning]:{FF0000} Alexey Kozlov dio 15000 de dinero a Brayan Ramirez.
[2018/4/16 - 17:16:48] {FFFF00}[AdmWarning]:{FF0000} Juan Ruiz dio 20000 de dinero a Mao Zhu.
[2018/4/16 - 20:46:27] {FFFF00}[AdmWarning]:{FF0000} Juan Ruiz dio 210644 de dinero a Fermin Martinez.
[2018/4/16 - 20:47:40] {FFFF00}[AdmWarning]:{FF0000} Juan Ruiz dio 62066 de dinero a Jhon Stunts.
[2018/4/16 - 20:53:54] {FFFF00}[AdmWarning]:{FF0000} Juan Ruiz dio 114870 de dinero a Andrew Villegas.
[2018/4/16 - 21:0:15] {FFFF00}[AdmWarning]:{FF0000} Juan Ruiz dio 16018 de dinero a Aaron Medina.
[2018/4/16 - 21:2:35] {FFFF00}[AdmWarning]:{FF0000} Juan Ruiz dio 15390 de dinero a Andres Fernandez.
[2018/4/16 - 21:9:27] {FFFF00}[AdmWarning]:{FF0000} Juan Ruiz dio 10163 de dinero a Luis Fernandez.
[2018/4/16 - 21:16:17] {FFFF00}[AdmWarning]:{FF0000} Juan Ruiz dio 180262 de dinero a Matias Sanchez.
[2018/4/16 - 21:33:34] * Andres Fernandez pagó 100$ a Matias Sanchez
[2018/4/16 - 21:35:21] * Andres Fernandez pagó 100$ a Matias Sanchez
[2018/4/16 - 21:47:43] * Aaron Medina pagó 50000$ a John Dillinger
[2018/4/16 - 21:57:41] * Luis Fernandez pagó 50000$ a John Dillinger
[2018/4/16 - 22:11:4] * Andrew Villegas pagó 2500$ a Samuel Carreon
[2018/4/16 - 22:37:43] * Edward Persson pagó 10000$ a John Dillinger
[2018/4/16 - 22:38:39] * John Dillinger pagó 10000$ a Aaron Medina
[2018/4/16 - 23:25:32] * Smitty Ryker pagó 1000$ a Edward Persson
[2018/4/16 - 23:34:16] * Jhonny Smith pagó 25000$ a Aaron Medina
[2018/4/16 - 23:40:42] * Erinyel Marquez pagó 10000$ a Aaron Medina
[2018/4/16 - 23:44:53] * Smitty Ryker pagó 10000$ a Luis Fernandez
[2018/4/17 - 0:9:29] * Jhonny Smith pagó 10000$ a John Dillinger
[2018/4/17 - 0:15:48] * Ivan Rodriguez pagó 50000$ a Christopher Kyle
[2018/4/17 - 0:30:8] * Matias Sanchez pagó 2000$ a Luis Enrique
[2018/4/17 - 0:33:36] * Matias Sanchez pagó 50000$ a Luis Enrique
[2018/4/17 - 0:51:3] * David Elista pagó 4500$ a Mark Lamborghini
[2018/4/17 - 0:52:6] * David Elista pagó 30000$ a Mark Lamborghini
[2018/4/17 - 1:12:25] * Ivan Rodriguez pagó 20000$ a Alexander Savage
[2018/4/17 - 3:11:17] {FFFF00}[AdmWarning]:{FF0000} Juan Ruiz dio 550000 de dinero a Jhonny Smith.
[2018/4/17 - 14:29:4] * Alexey Kozlov pagó 5000$ a Samuel Carreon
[2018/4/17 - 17:3:4] {FFFF00}[AdmWarning]:{FF0000} Juan Ruiz dio 550000 de dinero a Juan Ruiz.
[2018/4/17 - 17:54:15] * Jhonny Smith pagó 24000$ a Luis Fernandez
[2018/4/17 - 18:21:52] * Juancho Oyarce pagó 40000$ a Diego Leguizamon
[2018/4/17 - 19:17:49] * Santiago Motta pagó 50000$ a John Dillinger
[2018/4/17 - 19:27:56] {FFFF00}[AdmWarning]:{FF0000} Juan Ruiz dio 20000 de dinero a Matias Sanchez.
[2018/4/17 - 19:34:41] * Jhonny Smith pagó 15000$ a Aaron Medina
[2018/4/17 - 19:40:53] * Christopher Kyle pagó 24000$ a Luis Fernandez
[2018/4/17 - 19:46:13] * Luis Enrique pagó 5000$ a Aaron Medina
[2018/4/17 - 20:11:26] * Jhon Stunts pagó 50000$ a Luis Fernandez
[2018/4/17 - 20:13:30] * Jason McCalister pagó 10000$ a Yeferson Maiz
[2018/4/17 - 20:18:11] * Christopher Kyle pagó 10000$ a Luis Enrique
[2018/4/17 - 20:30:37] * Aaron Medina pagó 5000$ a John Dillinger
[2018/4/17 - 21:18:6] * Matias Sanchez pagó 26000$ a Santiago Motta
[2018/4/17 - 21:33:12] {FFFF00}[AdmWarning]:{FF0000} Juan Ruiz dio 200 de dinero a Juan Ruiz.
[2018/4/17 - 21:41:41] * Jhon Stunts pagó 1$ a Jesus Coffman
[2018/4/17 - 23:1:31] * Juancho Oyarce pagó 50000$ a Matias Sanchez
[2018/4/17 - 23:10:59] * Matias Sanchez pagó 50000$ a Aaron Medina
[2018/4/17 - 23:12:57] * Mellany Crawford pagó 4000$ a Jason McCalister
[2018/4/17 - 23:18:59] * Matias Sanchez pagó 4000$ a Aaron Medina
[2018/4/17 - 23:20:17] * Juancho Oyarce pagó 30000$ a Luis Fernandez
[2018/4/17 - 23:45:18] * Zahir Lawrence pagó 1000$ a Luis Fernandez
[2018/4/17 - 23:59:40] * Christopher Kyle pagó 3000$ a Luis Fernandez
[2018/4/18 - 1:7:12] * Alexander Navas pagó 5000$ a Juancho Oyarce
[2018/4/18 - 3:18:52] {FFFF00}[AdmWarning]:{FF0000} Juan Ruiz dio 1000 de dinero a Juan Ruiz.
[2018/4/18 - 10:42:21] * Andres Fernandez pagó 3$ a Luis Fernandez
[2018/4/18 - 10:42:34] * Andres Fernandez pagó 2997$ a Luis Fernandez
[2018/4/18 - 11:24:16] * Alexander Navas pagó 5000$ a Luis Fernandez
[2018/4/18 - 11:24:33] * Alexander Navas pagó 5000$ a Aaron Medina
[2018/4/18 - 13:12:45] * Erinyel Marquez pagó 25000$ a John Dillinger
[2018/4/18 - 19:28:47] * Alexander Navas pagó 5000$ a Santiago Motta
[2018/4/18 - 19:46:12] * Rafael Dogg pagó 9000$ a Santiago Motta
[2018/4/18 - 19:46:32] * Rafael Dogg pagó 1000$ a Santiago Motta
[2018/4/18 - 19:49:14] * Rafael Dogg pagó 1000$ a Santiago Motta
[2018/4/18 - 20:33:56] {FFFF00}[AdmWarning]:{FF0000} Juan Ruiz dio 120000 de dinero a Luis Fernandez.
[2018/4/18 - 20:56:26] * Jhon Stunts pagó 50000$ a Jhonny Smith
[2018/4/18 - 20:56:48] * Jhon Stunts pagó 50000$ a Jhonny Smith
[2018/4/18 - 20:57:9] * Jhon Stunts pagó 50000$ a Jhonny Smith
[2018/4/18 - 20:57:30] * Jhon Stunts pagó 50000$ a Jhonny Smith
[2018/4/18 - 20:58:8] * Jhon Stunts pagó 50000$ a Jhonny Smith
[2018/4/18 - 21:34:44] * Valentino Casillas pagó 3000$ a Andrew Rawling
[2018/4/18 - 21:36:30] * Michael Thompson pagó 1$ a Valentino Casillas
[2018/4/18 - 21:50:52] * Andres Fernandez pagó 1000$ a Luis Fernandez
[2018/4/18 - 22:14:55] * Jhon Stunts pagó 50000$ a Jhonny Smith
[2018/4/18 - 22:15:7] * Jhon Stunts pagó 50000$ a Jhonny Smith
[2018/4/18 - 23:7:39] {FFFF00}[AdmWarning]:{FF0000} Juan Ruiz dio 200000 de dinero a Valentino Casillas.
[2018/4/18 - 23:9:3] * Valentino Casillas pagó 50000$ a Jorge Gomez
[2018/4/18 - 23:9:45] * Valentino Casillas pagó 50000$ a Mateo Casillas
[2018/4/18 - 23:10:23] * Valentino Casillas pagó 50000$ a Michael Thompson
[2018/4/18 - 23:13:1] * Valentino Casillas pagó 30000$ a Juan Gomez
[2018/4/18 - 23:37:16] * Tyrone Crawrford pagó 100$ a Juancho Oyarce
[2018/4/18 - 23:38:35] * Tyrone Crawrford pagó 100$ a Juancho Oyarce
[2018/4/18 - 23:38:48] * Tyrone Crawrford pagó 30000$ a Juancho Oyarce
[2018/4/18 - 23:59:43] * Juan Gomez pagó 50000$ a Jorge Gomez
[2018/4/18 - 23:59:55] * Juan Gomez pagó 20000$ a Jorge Gomez
[2018/4/19 - 12:28:56] * John Dillinger pagó 5000$ a Ivan Rodriguez
[2018/4/19 - 14:46:5] * Daniel Worren pagó 5000$ a Aaron Medina
[2018/4/19 - 15:8:31] * John Dillinger pagó 10000$ a Aaron Medina
[2018/4/19 - 23:58:30] * Jhonny Smith pagó 10000$ a Erinyel Marquez
[2018/4/20 - 1:35:1] * John Dillinger pagó 50000$ a Juancho Oyarce
[2018/4/20 - 1:35:18] * John Dillinger pagó 50000$ a Juancho Oyarce
[2018/4/20 - 1:35:31] * John Dillinger pagó 50000$ a Juancho Oyarce
[2018/4/20 - 1:35:39] * John Dillinger pagó 50000$ a Juancho Oyarce
[2018/4/20 - 1:36:47] * Ivan Rodriguez pagó 50000$ a Erinyel Marquez
[2018/4/20 - 1:37:1] * Ivan Rodriguez pagó 50000$ a Erinyel Marquez
[2018/4/20 - 1:37:16] * Ivan Rodriguez pagó 50000$ a Erinyel Marquez
[2018/4/20 - 1:37:30] * Ivan Rodriguez pagó 50000$ a Erinyel Marquez
[2018/4/20 - 1:37:46] * Ivan Rodriguez pagó 50000$ a Aaron Medina
[2018/4/20 - 1:37:58] * Ivan Rodriguez pagó 50000$ a Aaron Medina
[2018/4/20 - 1:38:8] * Ivan Rodriguez pagó 50000$ a Aaron Medina
[2018/4/20 - 1:38:26] * Ivan Rodriguez pagó 50000$ a Aaron Medina
