[2017/6/12 - 1:37:53] * A Juan Ruiz le regalaron 5 puntos de experiencia, que lo disfrute!
[2018/3/31 - 8:48:49] * A Alexey Kozlov le regalaron 500 materiales, que lo disfrute!
[2018/4/1 - 11:15:40] * A Alexey Kozlov le regalaron 2 puntos de experiencia, que lo disfrute!
[2018/4/2 - 15:5:42] * A Thomas Westwood le regalaron 10,000 materiales, que lo disfrute!
[2018/4/2 - 15:5:42] * A Martin Diaz le regalaron 2 puntos de experiencia, que lo disfrute!
[2018/4/2 - 15:5:42] * A Luis Vega le regalaron 3 puntos de experiencia, que lo disfrute!
[2018/4/2 - 15:5:42] * A Alexey Kozlov le regalaron $10,000 que lo disfrute!
[2018/4/2 - 15:5:42] * A Rodrigo Ruiz le regalaron 5 puntos de experiencia, que lo disfrute!
[2018/4/2 - 15:5:42] * A Matias Yapura le regalaron 3 horas de Bronce VIP, que lo disfrute!
[2018/4/16 - 16:9:35] * A John Dillinger le regalaron 10,000 materiales, que lo disfrute!
[2018/4/16 - 16:9:35] * A Mao Zhu le regalaron $50,000 en efectivo, que lo disfrute!
[2018/4/16 - 16:9:35] * A Pablo Saracho le regalaron 50 gramos de crack, que lo disfrute!
[2018/4/16 - 16:9:35] * A Samuel Carreon le regalaron $40,000 en efectivo, que lo disfrute!
[2018/4/16 - 16:9:35] * A Tomas Orange le regalaron $10,000 que lo disfrute!
[2018/4/16 - 16:9:35] * A Manuel Almendral le regalaron 5 puntos de experiencia, que lo disfrute!
[2018/4/16 - 16:9:35] * A David Garcia le regalaron 10,000 materiales, que lo disfrute!
[2018/4/16 - 16:9:35] * A Juan Ruiz le regalaron 150 fichas de paintball, que lo disfrute!
[2018/4/16 - 16:9:35] * A Salvatore Maranzano le regalaron $50,000 en efectivo, que lo disfrute!
[2018/4/16 - 16:9:35] * A Victor Guampecho le regalaron 3 puntos de experiencia, que lo disfrute!
[2018/4/16 - 16:9:35] * A Javier Garcia le regalaron $10,000 que lo disfrute!
[2018/4/16 - 16:9:35] * A Louis Smith le regalaron 2 puntos de experiencia, que lo disfrute!
[2018/4/17 - 21:39:22] * A Aaron Medina le regalaron $40,000 en efectivo, que lo disfrute!
[2018/4/17 - 21:39:22] * A Andrew Villegas le regalaron $50,000 en efectivo, que lo disfrute!
[2018/4/17 - 21:39:22] * A Jason McCalister le regalaron 50 gramos de crack, que lo disfrute!
[2018/4/17 - 21:39:22] * A Juan Ruiz le regalaron 2 puntos de experiencia, que lo disfrute!
[2018/4/17 - 21:39:22] * A Jorge Gomez le regalaron 3 puntos de experiencia, que lo disfrute!
[2018/4/17 - 21:39:22] * A Alexander Savage le regalaron 10,000 materiales, que lo disfrute!
[2018/4/17 - 21:39:22] * A Santiago Motta le regalaron 5 puntos de experiencia, que lo disfrute!
[2018/4/17 - 21:39:22] * A Andres Leonardi le regalaron 3 horas de Bronce VIP, que lo disfrute!
[2018/4/17 - 21:39:22] * A Matias Sanchez le regalaron 5 puntos de experiencia, que lo disfrute!
[2018/4/17 - 21:39:22] * A Jhon Stunts le regalaron 500 materiales, que lo disfrute!
[2018/4/17 - 21:39:22] * A Valentino Casillas le regalaron $20,000 en efectivo, que lo disfrute!
[2018/4/17 - 21:39:22] * A Luis Fernandez le regalaron 500 materiales, que lo disfrute!
[2018/4/17 - 21:39:22] * A Sam Smith le regalaron $25,000 en efectivo, que lo disfrute!
[2018/4/17 - 21:39:22] * A Ivan Rodriguez le regalaron 3 puntos de experiencia, que lo disfrute!
[2018/4/17 - 21:39:22] * A Jesus Coffman le regalaron 5 puntos de experiencia, que lo disfrute!
[2018/4/17 - 21:39:22] * A Juancho Oyarce le regalaron un set de armas completo, que lo disfrute!
[2018/4/17 - 21:39:22] * A Mateo Casillas le regalaron $50,000 en efectivo, que lo disfrute!
[2018/4/17 - 21:39:22] * A John Dillinger le regalaron $40,000 en efectivo, que lo disfrute!
[2018/4/17 - 23:0:8] * A Sam Smith le regalaron 2 puntos de experiencia, que lo disfrute!
[2018/4/17 - 23:0:8] * A Andrew Villegas le regalaron $40,000 en efectivo, que lo disfrute!
[2018/4/17 - 23:0:8] * A Jason McCalister le regalaron 10,000 materiales, que lo disfrute!
[2018/4/17 - 23:0:8] * A Juan Ruiz le regalaron 5 puntos de experiencia, que lo disfrute!
[2018/4/17 - 23:0:8] * A Jorge Gomez le regalaron 50 gramos de crack, que lo disfrute!
[2018/4/17 - 23:0:8] * A Luis Enrique le regalaron 10,000 materiales, que lo disfrute!
[2018/4/17 - 23:0:8] * A Richard McKenzie le regalaron $25,000 en efectivo, que lo disfrute!
[2018/4/17 - 23:0:8] * A Ivan Rodriguez le regalaron 2 puntos de experiencia, que lo disfrute!
[2018/4/17 - 23:0:8] * A Matias Sanchez le regalaron 3 puntos de experiencia, que lo disfrute!
[2018/4/17 - 23:0:8] * A Jhon Stunts le regalaron $20,000 en efectivo, que lo disfrute!
[2018/4/17 - 23:0:8] * A Valentino Casillas le regalaron $40,000 en efectivo, que lo disfrute!
[2018/4/17 - 23:0:8] * A Luis Fernandez le regalaron $10,000 que lo disfrute!
[2018/4/17 - 23:0:8] * A Michael Thompson le regalaron 3 horas de Bronce VIP, que lo disfrute!
[2018/4/17 - 23:0:8] * A Tyrone Crawrford le regalaron $20,000 en efectivo, que lo disfrute!
[2018/4/17 - 23:0:8] * A John Dillinger le regalaron 50 gramos de crack, que lo disfrute!
[2018/4/17 - 23:0:8] * A Juancho Oyarce le regalaron $50,000 en efectivo, que lo disfrute!
[2018/4/17 - 23:0:8] * A Mateo Casillas le regalaron 50 gramos de crack, que lo disfrute!
[2018/4/17 - 23:0:8] * A Christopher Kyle le regalaron $20,000 en efectivo, que lo disfrute!
[2018/4/17 - 23:0:8] * A Aaron Medina le regalaron 150 fichas de paintball, que lo disfrute!
[2018/4/17 - 23:0:8] * A Mellany Crawford le regalaron un set de armas completo, que lo disfrute!
[2018/4/17 - 23:0:8] * A Alexander Navas le regalaron 2 puntos de experiencia, que lo disfrute!
[2018/4/17 - 23:0:8] * A Andres Leonardi le regalaron $40,000 en efectivo, que lo disfrute!
[2018/4/17 - 23:0:8] * A Alexey Kozlov le regalaron 150 fichas de paintball, que lo disfrute!
[2018/4/17 - 23:0:8] * A Jhonny Smith le regalaron $40,000 en efectivo, que lo disfrute!
