[2017/6/5 - 14:26:39] [AdmCmdExe]: Alexey Kozlov quitó $99999999 a Alexey Kozlov, razón: ,.
[2017/6/5 - 14:26:42] [AdmCmdExe]: Alexey Kozlov quitó $99999999 a Alexey Kozlov, razón: ,.
[2017/6/5 - 14:26:43] [AdmCmdExe]: Alexey Kozlov quitó $99999999 a Alexey Kozlov, razón: ,.
[2017/6/5 - 14:26:44] [AdmCmdExe]: Alexey Kozlov quitó $99999999 a Alexey Kozlov, razón: ,.
[2017/6/5 - 14:26:45] [AdmCmdExe]: Alexey Kozlov quitó $99999999 a Alexey Kozlov, razón: ,.
[2017/6/5 - 14:26:45] [AdmCmdExe]: Alexey Kozlov quitó $99999999 a Alexey Kozlov, razón: ,.
[2017/6/5 - 14:26:46] [AdmCmdExe]: Alexey Kozlov quitó $99999999 a Alexey Kozlov, razón: ,.
[2017/6/5 - 14:26:47] [AdmCmdExe]: Alexey Kozlov quitó $99999999 a Alexey Kozlov, razón: ,.
[2017/6/5 - 14:26:48] [AdmCmdExe]: Alexey Kozlov quitó $99999999 a Alexey Kozlov, razón: ,.
[2017/6/5 - 14:26:48] [AdmCmdExe]: Alexey Kozlov quitó $99999999 a Alexey Kozlov, razón: ,.
[2017/6/5 - 14:26:49] [AdmCmdExe]: Alexey Kozlov quitó $99999999 a Alexey Kozlov, razón: ,.
[2017/6/5 - 14:26:50] [AdmCmdExe]: Alexey Kozlov quitó $99999999 a Alexey Kozlov, razón: ,.
[2017/6/5 - 14:26:52] [AdmCmdExe]: Alexey Kozlov quitó $99999999 a Alexey Kozlov, razón: ,.
[2017/6/5 - 14:26:53] [AdmCmdExe]: Alexey Kozlov quitó $99999999 a Alexey Kozlov, razón: ,.
[2017/6/5 - 14:26:54] [AdmCmdExe]: Alexey Kozlov quitó $99999999 a Alexey Kozlov, razón: ,.
[2017/6/5 - 14:26:54] [AdmCmdExe]: Alexey Kozlov quitó $99999999 a Alexey Kozlov, razón: ,.
[2017/6/5 - 14:26:55] [AdmCmdExe]: Alexey Kozlov quitó $99999999 a Alexey Kozlov, razón: ,.
[2017/6/5 - 14:26:56] [AdmCmdExe]: Alexey Kozlov quitó $99999999 a Alexey Kozlov, razón: ,.
[2017/6/5 - 14:26:57] [AdmCmdExe]: Alexey Kozlov quitó $99999999 a Alexey Kozlov, razón: ,.
[2017/6/5 - 14:26:57] [AdmCmdExe]: Alexey Kozlov quitó $99999999 a Alexey Kozlov, razón: ,.
[2017/6/5 - 14:26:58] [AdmCmdExe]: Alexey Kozlov quitó $99999999 a Alexey Kozlov, razón: ,.
[2017/6/5 - 14:26:59] [AdmCmdExe]: Alexey Kozlov quitó $99999999 a Alexey Kozlov, razón: ,.
[2017/6/5 - 14:27:0] [AdmCmdExe]: Alexey Kozlov quitó $99999999 a Alexey Kozlov, razón: ,.
[2017/6/5 - 14:27:0] [AdmCmdExe]: Alexey Kozlov quitó $99999999 a Alexey Kozlov, razón: ,.
[2017/6/5 - 14:27:1] [AdmCmdExe]: Alexey Kozlov quitó $99999999 a Alexey Kozlov, razón: ,.
[2017/6/5 - 14:27:2] [AdmCmdExe]: Alexey Kozlov quitó $99999999 a Alexey Kozlov, razón: ,.
[2017/6/5 - 14:27:3] [AdmCmdExe]: Alexey Kozlov quitó $99999999 a Alexey Kozlov, razón: ,.
[2017/6/5 - 14:27:3] [AdmCmdExe]: Alexey Kozlov quitó $99999999 a Alexey Kozlov, razón: ,.
[2017/6/5 - 14:27:4] [AdmCmdExe]: Alexey Kozlov quitó $99999999 a Alexey Kozlov, razón: ,.
[2017/6/5 - 14:27:5] [AdmCmdExe]: Alexey Kozlov quitó $99999999 a Alexey Kozlov, razón: ,.
[2017/6/5 - 14:27:6] [AdmCmdExe]: Alexey Kozlov quitó $99999999 a Alexey Kozlov, razón: ,.
[2017/10/19 - 2:22:17] [AdmCmdExe]: Juan Ruiz quitó $780637 a Juan Ruiz, razón: ..
[2017/10/19 - 2:22:32] [AdmCmdExe]: Juan Ruiz quitó $9990 a Juan Ruiz, razón: ,.
[2017/10/19 - 2:23:12] [AdmCmdExe]: Juan Ruiz quitó $300 a Juan Ruiz, razón: ..
[2018/3/31 - 15:5:57] [AdmCmdExe]: Juan Ruiz quitó $78976 a Juan Ruiz, razón: ..
[2018/4/8 - 21:51:6] [AdmCmdExe]: Ivan Rodriguez quitó $10000 a Ivan Rodriguez, razón: porque si :v.
[2018/4/9 - 11:31:4] [AdmCmdExe]: Alexey Kozlov quitó $30000000 a Alexey Kozlov, razón: ..
[2018/4/11 - 12:37:51] [AdmCmdExe]: Ivan Rodriguez quitó $1 a Ivan Rodriguez, razón: porque si :v.
[2018/4/15 - 20:20:51] [AdmCmdExe]: Juan Ruiz quitó $9999999 a Jorge Kast, razón: nice try.
[2018/4/15 - 20:20:59] [AdmCmdExe]: Juan Ruiz quitó $9999999 a Jorge Kast, razón: nice try.
[2018/4/15 - 20:21:0] [AdmCmdExe]: Juan Ruiz quitó $9999999 a Jorge Kast, razón: nice try.
[2018/4/15 - 20:21:0] [AdmCmdExe]: Juan Ruiz quitó $9999999 a Jorge Kast, razón: nice try.
[2018/4/15 - 20:21:1] [AdmCmdExe]: Juan Ruiz quitó $9999999 a Jorge Kast, razón: nice try.
[2018/4/15 - 20:21:1] [AdmCmdExe]: Juan Ruiz quitó $9999999 a Jorge Kast, razón: nice try.
[2018/4/15 - 20:21:2] [AdmCmdExe]: Juan Ruiz quitó $9999999 a Jorge Kast, razón: nice try.
[2018/4/15 - 20:21:2] [AdmCmdExe]: Juan Ruiz quitó $9999999 a Jorge Kast, razón: nice try.
[2018/4/15 - 20:21:3] [AdmCmdExe]: Juan Ruiz quitó $9999999 a Jorge Kast, razón: nice try.
[2018/4/15 - 20:21:3] [AdmCmdExe]: Juan Ruiz quitó $9999999 a Jorge Kast, razón: nice try.
[2018/4/15 - 20:21:3] [AdmCmdExe]: Juan Ruiz quitó $9999999 a Jorge Kast, razón: nice tryt.
[2018/4/15 - 20:21:9] [AdmCmdExe]: Juan Ruiz quitó $99999999 a Jorge Kast, razón: nice try.
[2018/4/15 - 20:21:28] [AdmCmdExe]: Juan Ruiz quitó $99999999 a Jorge Kast, razón: nice try.
[2018/4/15 - 20:21:30] [AdmCmdExe]: Juan Ruiz quitó $99999999 a Jorge Kast, razón: nice try.
[2018/4/15 - 20:21:31] [AdmCmdExe]: Juan Ruiz quitó $99999999 a Jorge Kast, razón: nice try.
[2018/4/15 - 20:21:32] [AdmCmdExe]: Juan Ruiz quitó $99999999 a Jorge Kast, razón: nice try.
