[2017/6/2 - 15:26:5] [AdmCmd]: Juan Ruiz encarceló a Alexey Kozlov, razón: gato, tiempo: 1 minuto(s)
[2017/6/2 - 15:26:29] [AdmCmd]: Juan Ruiz encarceló a Alexey Kozlov, razón: Apelacion, tiempo: 0 minuto(s)
[2017/6/8 - 5:32:47] [AdmCmd]: Alexey Kozlov encarceló a Alexey Kozlov, razón: ., tiempo: 1 minuto(s)
[2017/6/8 - 5:32:57] [AdmCmd]: Alexey Kozlov encarceló a Alexey Kozlov, razón: ., tiempo: 0 minuto(s)
[2017/6/8 - 16:16:38] [AdmCmd]: Alexey Kozlov fue Autojaileado por mal uso del comando /nokear.
[2017/6/8 - 16:16:55] [AdmCmd]: Alexey Kozlov encarceló a Juan Ruiz, razón: apelacion, tiempo: 1 minuto(s)
[2017/6/8 - 16:17:0] [AdmCmd]: Alexey Kozlov encarceló a Juan Ruiz, razón: apelacion, tiempo: 0 minuto(s)
[2017/6/8 - 16:17:6] [AdmCmd]: Alexey Kozlov encarceló a Alexey Kozlov, razón: apelacion, tiempo: 0 minuto(s)
[2017/6/8 - 16:17:29] [AdmCmd]: Alexey Kozlov encarceló a Juan Ruiz, razón: Calmate, tiempo: 0 minuto(s)
[2017/6/8 - 16:17:41] [AdmCmd]: Alexey Kozlov encarceló a Juan Ruiz, razón: Calmate, tiempo: 10 minuto(s)
[2017/6/8 - 16:23:51] [AdmCmd]: Juan Ruiz encarceló a Juan Ruiz, razón: ., tiempo: 0 minuto(s)
[2017/6/8 - 16:59:45] [AdmCmd]: Juan Ruiz fue Autojaileado por mal uso del comando /licencias.
[2017/6/8 - 17:0:19] [AdmCmd]: Juan Ruiz encarceló a Alexey Kozlov, razón: ., tiempo: 0 minuto(s)
[2017/6/8 - 17:0:22] [AdmCmd]: Juan Ruiz encarceló a Juan Ruiz, razón: ., tiempo: 0 minuto(s)
[2017/6/8 - 17:0:25] [AdmCmd]: Juan Ruiz fue Autojaileado por mal uso del comando /nokear.
[2017/6/8 - 17:0:34] [AdmCmd]: Juan Ruiz encarceló a Juan Ruiz, razón: ., tiempo: 0 minuto(s)
[2017/10/19 - 13:40:57] [AdmCmd]: Juan Ruiz fue Autojaileado por mal uso del comando /pagar.
[2018/3/30 - 23:54:57] [AdmCmd]: Juan Ruiz encarceló a Juan Ruiz, razón: 1, tiempo: 0 minuto(s)
[2018/4/1 - 22:59:47] [AdmCmd]: Juan Ruiz encarceló a Vladimir Badia, razón: ., tiempo: 0 minuto(s)
[2018/4/1 - 23:2:14] [AdmCmd]: Juan Ruiz encarceló a Vladimir Badia, razón: ., tiempo: 0 minuto(s)
[2018/4/2 - 3:9:46] [AdmCmd]: Juan Ruiz fue Autojaileado por mal uso del comando /licencias.
[2018/4/2 - 3:10:8] [AdmCmd]: Juan Ruiz encarceló a Juan Ruiz, razón: ., tiempo: 0 minuto(s)
[2018/4/2 - 20:49:1] [AdmCmd]: Juan Ruiz fue Autojaileado por mal uso del comando /nokear.
[2018/4/2 - 20:49:12] [AdmCmd]: Juan Ruiz encarceló a Juan Ruiz, razón: ., tiempo: 0 minuto(s)
[2018/4/5 - 2:32:51] [AdmCmd]: Lenny Rocka encarceló a Lenny Rocka, razón: ., tiempo: 0 minuto(s)
[2018/4/7 - 17:0:31] [AdmCmd]: Johendry Chavez fue Autojaileado por mal uso del comando /pagar.
[2018/4/8 - 19:38:37] [AdmCmd]: Ivan Rodriguez encarceló a Johendry Chavez, razón: IHQ, tiempo: 2 minuto(s)
[2018/4/11 - 17:9:22] [AdmCmd]: Gabriel Alcantara encarceló a Mateo Kuneng, razón: PG, tiempo: 5 minuto(s)
[2018/4/13 - 13:43:30] [AdmCmd]: Juan Dogg fue Autojaileado por mal uso del comando /dni.
[2018/4/14 - 16:33:59] [AdmCmd]: John Dillinger fue Autojaileado por mal uso del comando /pagar.
[2018/4/14 - 16:34:31] [AdmCmd]: Juan Ruiz encarceló a John Dillinger, razón: ., tiempo: 0 minuto(s)
[2018/4/14 - 17:7:46] [AdmCmd]: Juan Ruiz fue Autojaileado por mal uso del comando /nokear.
[2018/4/14 - 17:7:50] [AdmCmd]: Juan Ruiz encarceló a John Dillinger, razón: ., tiempo: 0 minuto(s)
[2018/4/14 - 17:8:25] [AdmCmd]: Juan Ruiz encarceló a Juan Ruiz, razón: ., tiempo: 0 minuto(s)
[2018/4/14 - 17:34:27] [AdmCmd]: Ivan Rodriguez fue Autojaileado por mal uso del comando /dnifalso.
[2018/4/14 - 21:27:35] [AdmCmd]: Juan Ruiz encarceló a Mohamed McLaren, razón: NVPJ, tiempo: 10 minuto(s)
[2018/4/14 - 23:48:6] [AdmCmd]: John Dillinger fue Autojaileado por mal uso del comando /licencias.
[2018/4/14 - 23:50:11] [AdmCmd]: Alexey Kozlov encarceló a John Dillinger, razón: Bug, tiempo: 0 minuto(s)
[2018/4/15 - 11:40:31] [AdmCmd]: Alexey Kozlov encarceló a Jose Cotiz, razón: NRE + NRA + DM, tiempo: 40 minuto(s)
[2018/4/15 - 14:2:5] [AdmCmd]: John Dillinger fue Autojaileado por mal uso del comando /dnifalso.
[2018/4/15 - 18:19:23] [AdmCmd]: Juan Ruiz encarceló a Nicolas Ledesma, razón: mal /AD, tiempo: 5 minuto(s)
[2018/4/15 - 18:46:46] [AdmCmd]: Juan Ruiz encarceló a Alexander Navas, razón: ., tiempo: 0 minuto(s)
[2018/4/15 - 19:28:2] [AdmCmd]: Juan Ruiz encarceló a Nicolas Ledesma, razón: PG, tiempo: 5 minuto(s)
[2018/4/15 - 20:4:52] [AdmCmd]: Brayan Ramirez fue Autojaileado por mal uso del comando /ad.
[2018/4/15 - 20:9:18] [AdmCmd]: Ivan Rodriguez fue Autojaileado por mal uso del comando /ad.
[2018/4/16 - 15:24:3] [AdmCmd]: John Dillinger encarceló a Mao Zhu, razón: no seguir rol, tiempo: 20 minuto(s)
[2018/4/16 - 16:58:6] [AdmCmd]: Juan Ruiz encarceló a David Garcia, razón: NRE + No rol de vendas, tiempo: 10 minuto(s)
[2018/4/16 - 21:14:18] [AdmCmd]: Fermin Martinez fue Autojaileado por mal uso del comando /dni.
[2018/4/16 - 21:14:52] [AdmCmd]: John Dillinger encarceló a Fermin Martinez, razón: Error, tiempo: 0 minuto(s)
[2018/4/16 - 23:29:23] [AdmCmd]: Alexey Kozlov encarceló a Ihiko Kozvlok, razón: NRE, tiempo: 5 minuto(s)
[2018/4/16 - 23:43:9] [AdmCmd]: Juan Ruiz encarceló a Erinyel Marquez, razón: DM, tiempo: 10 minuto(s)
[2018/4/16 - 23:59:7] [AdmCmd]: John Dillinger encarceló a Mike Rodriguez, razón: MG, tiempo: 20 minuto(s)
[2018/4/17 - 16:16:10] [AdmCmd]: Juan Ruiz encarceló a David Elista, razón: MG, tiempo: 5 minuto(s)
[2018/4/17 - 16:21:33] [AdmCmd]: Juan Ruiz encarceló a Jason McCalister, razón: Error, tiempo: 0 minuto(s)
[2018/4/17 - 17:33:32] [AdmCmd]: Juan Ruiz encarceló a Edward Persson, razón: PG, tiempo: 5 minuto(s)
[2018/4/17 - 20:30:42] [AdmCmd]: Juan Ruiz encarceló a Jhon Stunts, razón: PG, tiempo: 5 minuto(s)
[2018/4/17 - 21:16:53] [AdmCmd]: Juan Ruiz encarceló a Andrew Villegas, razón: NRE, DM, TTO, IOOC, tiempo: 20 minuto(s)
[2018/4/17 - 21:30:44] [AdmCmd]: Juan Ruiz encarceló a Andrew Villegas, razón: Perdonado., tiempo: 0 minuto(s)
[2018/4/17 - 22:4:51] [AdmCmd]: Ivan Rodriguez encarceló a Edward Persson, razón: bug, tiempo: 0 minuto(s)
[2018/4/17 - 23:16:36] [AdmCmd]: John Dillinger encarceló a Christopher Kyle, razón: MAL ANUNCIO, tiempo: 10 minuto(s)
[2018/4/17 - 23:41:50] [AdmCmd]: John Dillinger encarceló a Christopher Kyle, razón: PERDONADO, tiempo: 0 minuto(s)
[2018/4/17 - 23:52:57] [AdmCmd]: John Dillinger encarceló a Andres Leonardi, razón: dm, tiempo: 5 minuto(s)
[2018/4/17 - 23:53:4] [AdmCmd]: John Dillinger encarceló a Andrew Villegas, razón: dm, tiempo: 5 minuto(s)
[2018/4/17 - 23:54:28] [AdmCmd]: John Dillinger encarceló a Andres Leonardi, razón: error, tiempo: 0 minuto(s)
[2018/4/17 - 23:58:20] [AdmCmd]: John Dillinger encarceló a Noel Alejandro, razón: spam, tiempo: 5 minuto(s)
[2018/4/18 - 1:16:58] [AdmCmd]: Juan Ruiz encarceló a Juancho Oyarce, razón: PG (Arma pesada en rol chico), tiempo: 5 minuto(s)
[2018/4/18 - 18:45:7] [AdmCmd]: Juan Ruiz fue Autojaileado por mal uso del comando /ad.
[2018/4/18 - 18:46:53] [AdmCmd]: Juan Ruiz encarceló a Juan Ruiz, razón: Auto-Perdonado, tiempo: 0 minuto(s)
[2018/4/18 - 18:59:25] [AdmCmd]: John Dillinger encarceló a Tyrone Crawrford, razón: dm, tiempo: 5 minuto(s)
[2018/4/18 - 19:1:32] [AdmCmd]: John Dillinger encarceló a Tyrone Crawrford, razón: No rol de entorno, tiempo: 5 minuto(s)
[2018/4/18 - 19:27:5] [AdmCmd]: Juan Ruiz encarceló a Alexander Navas, razón: Bug, tiempo: 0 minuto(s)
[2018/4/18 - 19:41:15] [AdmCmd]: Juan Ruiz encarceló a Mellany Crawford, razón: PG, tiempo: 5 minuto(s)
[2018/4/18 - 20:7:8] [AdmCmd]: Alexey Kozlov encarceló a Jose Rodriguez, razón: Te quedas ahi, tiempo: 60 minuto(s)
[2018/4/18 - 20:30:1] [AdmCmd]: John Dillinger encarceló a Tyrone Crawrford, razón: dm, tiempo: 5 minuto(s)
[2018/4/18 - 20:35:42] [AdmCmd]: John Dillinger encarceló a Jason McCalister, razón: disculpado, tiempo: 0 minuto(s)
[2018/4/18 - 21:41:27] [AdmCmd]: Juan Ruiz encarceló a Andrew Villegas, razón: Mal /ad, tiempo: 5 minuto(s)
[2018/4/18 - 21:46:1] [AdmCmd]: Juan Ruiz encarceló a Andrew Villegas, razón: Perdonado, tiempo: 0 minuto(s)
[2018/4/18 - 23:16:52] [AdmCmd]: Juan Ruiz encarceló a Juancho Oyarce, razón: DesBug., tiempo: 0 minuto(s)
