[2017/5/28 - 13:58:21] Alexey Kozlov ha asignado moderador de facciones a Alexey Kozlov
[2017/5/28 - 13:58:26] Alexey Kozlov ha asignado encargado de dar puntos de rol [GameOperator] a Alexey Kozlov
[2017/5/28 - 13:58:30] Alexey Kozlov ha asignado moderador de facciones a Alexey Kozlov
[2017/5/28 - 13:58:50] Juan Ruiz ha asignado moderador de facciones a Juan Ruiz
[2017/5/28 - 17:29:15] Alexey Kozlov ha asignado moderador de facciones a Alexey Kozlov
[2017/5/28 - 17:29:18] Alexey Kozlov ha asignado encargado de dar puntos de rol [GameOperator] a Alexey Kozlov
[2017/5/28 - 17:30:19] Alexey Kozlov ha asignado Apelador de desbaneos a Alexey Kozlov
[2017/6/2 - 23:45:44] Juan Ruiz ha asignado moderador de familias y bandas a Juan Ruiz
[2017/6/3 - 9:25:23] Alexey Kozlov ha asignado moderador de facciones a Alexey Kozlov
[2017/6/8 - 23:38:43] Alexey Kozlov ha asignado moderador de facciones a Alexey Kozlov
[2017/6/8 - 23:38:48] Alexey Kozlov ha asignado encargado de dar puntos de rol [GameOperator] a Alexey Kozlov
[2018/4/1 - 1:29:46] Kisha Simone ha asignado moderador de facciones a Kisha Simone
[2018/4/1 - 11:35:4] Alexey Kozlov ha asignado moderador de facciones a Alexey Kozlov
[2018/4/2 - 3:30:15] Juan Ruiz ha asignado encargado de dar puntos de rol [GameOperator] a Juan Ruiz
[2018/4/2 - 3:30:21] Juan Ruiz ha asignado moderador de familias y bandas a Juan Ruiz
[2018/4/2 - 3:30:33] Juan Ruiz ha asignado Apelador de desbaneos a Juan Ruiz
[2018/4/6 - 19:8:59] Ivan Rodriguez ha asignado moderador de facciones a Ivan Rodriguez
[2018/4/11 - 20:3:37] Juan ha asignado moderador de facciones a Alexey Kozlov
[2018/4/11 - 20:17:12] Juan ha asignado encargado de dar puntos de rol [GameOperator] a Alexey Kozlov
[2018/4/11 - 20:17:16] Juan ha asignado moderador de facciones a Alexey Kozlov
[2018/4/11 - 20:18:7] Juan ha asignado moderador de facciones a Alexey Kozlov
[2018/4/11 - 20:18:11] Juan ha asignado encargado de dar puntos de rol [GameOperator] a Alexey Kozlov
[2018/4/12 - 11:17:12] Alexey Kozlov ha asignado moderador de facciones a Ivan Rodriguez
[2018/4/12 - 11:17:17] Alexey Kozlov ha asignado encargado de dar puntos de rol [GameOperator] a Ivan Rodriguez
[2018/4/12 - 11:17:34] Alexey Kozlov ha asignado moderador de familias y bandas a Ivan Rodriguez
[2018/4/15 - 20:24:36] Juan Ruiz ha asignado Apelador de desbaneos a Juan Ruiz
[2018/4/17 - 22:33:12] Juan Ruiz ha asignado Apelador de desbaneos a Juan Ruiz
